{"/code/dbConfig.js": {"path":"/code/dbConfig.js","statementMap":{"0":{"start":{"line":1,"column":17},"end":{"line":1,"column":30}},"1":{"start":{"line":3,"column":13},"end":{"line":3,"column":23}},"2":{"start":{"line":5,"column":0},"end":{"line":5,"column":22}}},"fnMap":{},"branchMap":{},"s":{"0":12,"1":12,"2":12},"f":{},"b":{},"_coverageSchema":"1a1c01bbd47fc00a2c39e90264f33305004495a9","hash":"6bdefa1bb1c9e9e3a15131c5000d1354f1e7d24b"}
,"/code/controllers/entries.js": {"path":"/code/controllers/entries.js","statementMap":{"0":{"start":{"line":1,"column":14},"end":{"line":1,"column":40}},"1":{"start":{"line":5,"column":4},"end":{"line":10,"column":5}},"2":{"start":{"line":6,"column":24},"end":{"line":6,"column":39}},"3":{"start":{"line":7,"column":8},"end":{"line":7,"column":37}},"4":{"start":{"line":9,"column":8},"end":{"line":9,"column":37}},"5":{"start":{"line":15,"column":4},"end":{"line":20,"column":5}},"6":{"start":{"line":16,"column":24},"end":{"line":16,"column":81}},"7":{"start":{"line":17,"column":8},"end":{"line":17,"column":37}},"8":{"start":{"line":19,"column":8},"end":{"line":19,"column":37}},"9":{"start":{"line":27,"column":4},"end":{"line":32,"column":5}},"10":{"start":{"line":28,"column":24},"end":{"line":28,"column":77}},"11":{"start":{"line":29,"column":8},"end":{"line":29,"column":37}},"12":{"start":{"line":31,"column":8},"end":{"line":31,"column":37}},"13":{"start":{"line":36,"column":4},"end":{"line":41,"column":5}},"14":{"start":{"line":37,"column":24},"end":{"line":37,"column":75}},"15":{"start":{"line":38,"column":8},"end":{"line":38,"column":37}},"16":{"start":{"line":40,"column":8},"end":{"line":40,"column":37}},"17":{"start":{"line":45,"column":4},"end":{"line":50,"column":5}},"18":{"start":{"line":46,"column":24},"end":{"line":46,"column":76}},"19":{"start":{"line":47,"column":8},"end":{"line":47,"column":37}},"20":{"start":{"line":49,"column":8},"end":{"line":49,"column":37}},"21":{"start":{"line":54,"column":4},"end":{"line":59,"column":5}},"22":{"start":{"line":55,"column":24},"end":{"line":55,"column":73}},"23":{"start":{"line":56,"column":8},"end":{"line":56,"column":37}},"24":{"start":{"line":58,"column":8},"end":{"line":58,"column":37}},"25":{"start":{"line":63,"column":4},"end":{"line":68,"column":5}},"26":{"start":{"line":64,"column":24},"end":{"line":64,"column":73}},"27":{"start":{"line":65,"column":8},"end":{"line":65,"column":37}},"28":{"start":{"line":67,"column":8},"end":{"line":67,"column":37}},"29":{"start":{"line":72,"column":4},"end":{"line":77,"column":5}},"30":{"start":{"line":73,"column":24},"end":{"line":73,"column":73}},"31":{"start":{"line":74,"column":8},"end":{"line":74,"column":37}},"32":{"start":{"line":76,"column":8},"end":{"line":76,"column":37}},"33":{"start":{"line":82,"column":4},"end":{"line":87,"column":5}},"34":{"start":{"line":83,"column":24},"end":{"line":83,"column":79}},"35":{"start":{"line":84,"column":8},"end":{"line":84,"column":37}},"36":{"start":{"line":86,"column":8},"end":{"line":86,"column":37}},"37":{"start":{"line":91,"column":4},"end":{"line":96,"column":5}},"38":{"start":{"line":92,"column":24},"end":{"line":92,"column":81}},"39":{"start":{"line":93,"column":8},"end":{"line":93,"column":37}},"40":{"start":{"line":95,"column":8},"end":{"line":95,"column":37}},"41":{"start":{"line":100,"column":4},"end":{"line":105,"column":5}},"42":{"start":{"line":101,"column":24},"end":{"line":101,"column":81}},"43":{"start":{"line":102,"column":8},"end":{"line":102,"column":37}},"44":{"start":{"line":104,"column":8},"end":{"line":104,"column":37}},"45":{"start":{"line":109,"column":4},"end":{"line":114,"column":5}},"46":{"start":{"line":110,"column":24},"end":{"line":110,"column":83}},"47":{"start":{"line":111,"column":8},"end":{"line":111,"column":37}},"48":{"start":{"line":113,"column":8},"end":{"line":113,"column":37}},"49":{"start":{"line":118,"column":4},"end":{"line":123,"column":5}},"50":{"start":{"line":119,"column":24},"end":{"line":119,"column":84}},"51":{"start":{"line":120,"column":8},"end":{"line":120,"column":37}},"52":{"start":{"line":122,"column":8},"end":{"line":122,"column":37}},"53":{"start":{"line":127,"column":4},"end":{"line":132,"column":5}},"54":{"start":{"line":128,"column":24},"end":{"line":128,"column":81}},"55":{"start":{"line":129,"column":8},"end":{"line":129,"column":37}},"56":{"start":{"line":131,"column":8},"end":{"line":131,"column":37}},"57":{"start":{"line":137,"column":4},"end":{"line":142,"column":5}},"58":{"start":{"line":138,"column":24},"end":{"line":138,"column":63}},"59":{"start":{"line":139,"column":8},"end":{"line":139,"column":37}},"60":{"start":{"line":141,"column":8},"end":{"line":141,"column":37}},"61":{"start":{"line":147,"column":4},"end":{"line":152,"column":5}},"62":{"start":{"line":148,"column":28},"end":{"line":148,"column":56}},"63":{"start":{"line":149,"column":8},"end":{"line":149,"column":41}},"64":{"start":{"line":151,"column":8},"end":{"line":151,"column":37}},"65":{"start":{"line":157,"column":4},"end":{"line":162,"column":5}},"66":{"start":{"line":158,"column":28},"end":{"line":158,"column":56}},"67":{"start":{"line":159,"column":8},"end":{"line":159,"column":46}},"68":{"start":{"line":161,"column":8},"end":{"line":161,"column":38}},"69":{"start":{"line":166,"column":4},"end":{"line":171,"column":5}},"70":{"start":{"line":167,"column":28},"end":{"line":167,"column":79}},"71":{"start":{"line":168,"column":8},"end":{"line":168,"column":41}},"72":{"start":{"line":170,"column":8},"end":{"line":170,"column":35}},"73":{"start":{"line":175,"column":4},"end":{"line":180,"column":5}},"74":{"start":{"line":176,"column":28},"end":{"line":176,"column":81}},"75":{"start":{"line":177,"column":8},"end":{"line":177,"column":41}},"76":{"start":{"line":179,"column":8},"end":{"line":179,"column":35}},"77":{"start":{"line":184,"column":4},"end":{"line":189,"column":5}},"78":{"start":{"line":185,"column":31},"end":{"line":185,"column":85}},"79":{"start":{"line":186,"column":8},"end":{"line":186,"column":44}},"80":{"start":{"line":188,"column":8},"end":{"line":188,"column":35}},"81":{"start":{"line":193,"column":4},"end":{"line":198,"column":5}},"82":{"start":{"line":194,"column":31},"end":{"line":194,"column":87}},"83":{"start":{"line":195,"column":8},"end":{"line":195,"column":44}},"84":{"start":{"line":197,"column":8},"end":{"line":197,"column":35}},"85":{"start":{"line":204,"column":8},"end":{"line":209,"column":9}},"86":{"start":{"line":205,"column":31},"end":{"line":205,"column":89}},"87":{"start":{"line":206,"column":12},"end":{"line":206,"column":44}},"88":{"start":{"line":208,"column":12},"end":{"line":208,"column":39}},"89":{"start":{"line":214,"column":4},"end":{"line":219,"column":5}},"90":{"start":{"line":215,"column":27},"end":{"line":215,"column":90}},"91":{"start":{"line":216,"column":8},"end":{"line":216,"column":28}},"92":{"start":{"line":218,"column":8},"end":{"line":218,"column":35}},"93":{"start":{"line":224,"column":4},"end":{"line":229,"column":5}},"94":{"start":{"line":225,"column":25},"end":{"line":225,"column":81}},"95":{"start":{"line":226,"column":8},"end":{"line":226,"column":26}},"96":{"start":{"line":228,"column":8},"end":{"line":228,"column":35}},"97":{"start":{"line":234,"column":4},"end":{"line":239,"column":5}},"98":{"start":{"line":235,"column":25},"end":{"line":235,"column":86}},"99":{"start":{"line":236,"column":8},"end":{"line":236,"column":26}},"100":{"start":{"line":238,"column":8},"end":{"line":238,"column":35}},"101":{"start":{"line":244,"column":4},"end":{"line":250,"column":5}},"102":{"start":{"line":245,"column":22},"end":{"line":245,"column":57}},"103":{"start":{"line":246,"column":20},"end":{"line":246,"column":35}},"104":{"start":{"line":247,"column":8},"end":{"line":247,"column":30}},"105":{"start":{"line":249,"column":8},"end":{"line":249,"column":38}},"106":{"start":{"line":255,"column":4},"end":{"line":260,"column":5}},"107":{"start":{"line":256,"column":26},"end":{"line":256,"column":83}},"108":{"start":{"line":257,"column":8},"end":{"line":257,"column":39}},"109":{"start":{"line":259,"column":8},"end":{"line":259,"column":35}},"110":{"start":{"line":265,"column":4},"end":{"line":270,"column":5}},"111":{"start":{"line":266,"column":26},"end":{"line":266,"column":80}},"112":{"start":{"line":267,"column":8},"end":{"line":267,"column":39}},"113":{"start":{"line":269,"column":8},"end":{"line":269,"column":35}},"114":{"start":{"line":275,"column":4},"end":{"line":280,"column":5}},"115":{"start":{"line":276,"column":26},"end":{"line":276,"column":83}},"116":{"start":{"line":277,"column":8},"end":{"line":277,"column":39}},"117":{"start":{"line":279,"column":8},"end":{"line":279,"column":35}},"118":{"start":{"line":285,"column":4},"end":{"line":290,"column":5}},"119":{"start":{"line":286,"column":26},"end":{"line":286,"column":80}},"120":{"start":{"line":287,"column":8},"end":{"line":287,"column":39}},"121":{"start":{"line":289,"column":8},"end":{"line":289,"column":35}},"122":{"start":{"line":295,"column":4},"end":{"line":300,"column":5}},"123":{"start":{"line":296,"column":26},"end":{"line":296,"column":82}},"124":{"start":{"line":297,"column":8},"end":{"line":297,"column":39}},"125":{"start":{"line":299,"column":8},"end":{"line":299,"column":35}},"126":{"start":{"line":305,"column":4},"end":{"line":310,"column":5}},"127":{"start":{"line":306,"column":26},"end":{"line":306,"column":80}},"128":{"start":{"line":307,"column":8},"end":{"line":307,"column":39}},"129":{"start":{"line":309,"column":8},"end":{"line":309,"column":35}},"130":{"start":{"line":313,"column":0},"end":{"line":313,"column":619}}},"fnMap":{"0":{"name":"getAllEntries","decl":{"start":{"line":4,"column":15},"end":{"line":4,"column":28}},"loc":{"start":{"line":4,"column":39},"end":{"line":11,"column":1}},"line":4},"1":{"name":"autoAddUserEntry","decl":{"start":{"line":14,"column":15},"end":{"line":14,"column":31}},"loc":{"start":{"line":14,"column":42},"end":{"line":21,"column":1}},"line":14},"2":{"name":"getAllHabitsEntries","decl":{"start":{"line":26,"column":15},"end":{"line":26,"column":34}},"loc":{"start":{"line":26,"column":45},"end":{"line":33,"column":1}},"line":26},"3":{"name":"getSmokingEntries","decl":{"start":{"line":35,"column":15},"end":{"line":35,"column":32}},"loc":{"start":{"line":35,"column":43},"end":{"line":42,"column":1}},"line":35},"4":{"name":"getExerciseEntries","decl":{"start":{"line":44,"column":15},"end":{"line":44,"column":33}},"loc":{"start":{"line":44,"column":44},"end":{"line":51,"column":1}},"line":44},"5":{"name":"getWaterEntries","decl":{"start":{"line":53,"column":15},"end":{"line":53,"column":30}},"loc":{"start":{"line":53,"column":41},"end":{"line":60,"column":1}},"line":53},"6":{"name":"getMoneyEntries","decl":{"start":{"line":62,"column":15},"end":{"line":62,"column":30}},"loc":{"start":{"line":62,"column":41},"end":{"line":69,"column":1}},"line":62},"7":{"name":"getSleepEntries","decl":{"start":{"line":71,"column":15},"end":{"line":71,"column":30}},"loc":{"start":{"line":71,"column":41},"end":{"line":78,"column":1}},"line":71},"8":{"name":"getAllCalendarEntries","decl":{"start":{"line":81,"column":15},"end":{"line":81,"column":36}},"loc":{"start":{"line":81,"column":47},"end":{"line":88,"column":1}},"line":81},"9":{"name":"getSleepCalendarEntries","decl":{"start":{"line":90,"column":15},"end":{"line":90,"column":38}},"loc":{"start":{"line":90,"column":49},"end":{"line":97,"column":1}},"line":90},"10":{"name":"getWaterCalendarEntries","decl":{"start":{"line":99,"column":15},"end":{"line":99,"column":38}},"loc":{"start":{"line":99,"column":49},"end":{"line":106,"column":1}},"line":99},"11":{"name":"getSmokingCalendarEntries","decl":{"start":{"line":108,"column":15},"end":{"line":108,"column":40}},"loc":{"start":{"line":108,"column":51},"end":{"line":115,"column":1}},"line":108},"12":{"name":"getExerciseCalendarEntries","decl":{"start":{"line":117,"column":15},"end":{"line":117,"column":41}},"loc":{"start":{"line":117,"column":52},"end":{"line":124,"column":1}},"line":117},"13":{"name":"getMoneyCalendarEntries","decl":{"start":{"line":126,"column":15},"end":{"line":126,"column":38}},"loc":{"start":{"line":126,"column":49},"end":{"line":133,"column":1}},"line":126},"14":{"name":"getEntriesByUserId","decl":{"start":{"line":136,"column":15},"end":{"line":136,"column":33}},"loc":{"start":{"line":136,"column":44},"end":{"line":143,"column":1}},"line":136},"15":{"name":"createNewEntry","decl":{"start":{"line":146,"column":15},"end":{"line":146,"column":29}},"loc":{"start":{"line":146,"column":40},"end":{"line":153,"column":1}},"line":146},"16":{"name":"updateEntryById","decl":{"start":{"line":156,"column":15},"end":{"line":156,"column":30}},"loc":{"start":{"line":156,"column":41},"end":{"line":163,"column":1}},"line":156},"17":{"name":"completeSleep","decl":{"start":{"line":165,"column":15},"end":{"line":165,"column":28}},"loc":{"start":{"line":165,"column":39},"end":{"line":172,"column":1}},"line":165},"18":{"name":"incompleteSleep","decl":{"start":{"line":174,"column":15},"end":{"line":174,"column":30}},"loc":{"start":{"line":174,"column":41},"end":{"line":181,"column":1}},"line":174},"19":{"name":"completeExercise","decl":{"start":{"line":183,"column":15},"end":{"line":183,"column":31}},"loc":{"start":{"line":183,"column":42},"end":{"line":190,"column":1}},"line":183},"20":{"name":"incompleteExercise","decl":{"start":{"line":192,"column":15},"end":{"line":192,"column":33}},"loc":{"start":{"line":192,"column":44},"end":{"line":199,"column":1}},"line":192},"21":{"name":"increaseSmokingNum","decl":{"start":{"line":203,"column":15},"end":{"line":203,"column":33}},"loc":{"start":{"line":203,"column":44},"end":{"line":210,"column":1}},"line":203},"22":{"name":"decreaseSmokingNum","decl":{"start":{"line":213,"column":15},"end":{"line":213,"column":33}},"loc":{"start":{"line":213,"column":44},"end":{"line":220,"column":1}},"line":213},"23":{"name":"increaseWaterNum","decl":{"start":{"line":223,"column":15},"end":{"line":223,"column":31}},"loc":{"start":{"line":223,"column":42},"end":{"line":230,"column":1}},"line":223},"24":{"name":"decreaseWaterNum","decl":{"start":{"line":233,"column":15},"end":{"line":233,"column":31}},"loc":{"start":{"line":233,"column":42},"end":{"line":240,"column":1}},"line":233},"25":{"name":"deleteEntryById","decl":{"start":{"line":243,"column":15},"end":{"line":243,"column":30}},"loc":{"start":{"line":243,"column":41},"end":{"line":251,"column":1}},"line":243},"26":{"name":"getAllHabitsStreak","decl":{"start":{"line":254,"column":15},"end":{"line":254,"column":33}},"loc":{"start":{"line":254,"column":44},"end":{"line":261,"column":1}},"line":254},"27":{"name":"getSleepStreak","decl":{"start":{"line":264,"column":15},"end":{"line":264,"column":29}},"loc":{"start":{"line":264,"column":40},"end":{"line":271,"column":1}},"line":264},"28":{"name":"getExerciseStreak","decl":{"start":{"line":274,"column":15},"end":{"line":274,"column":32}},"loc":{"start":{"line":274,"column":43},"end":{"line":281,"column":1}},"line":274},"29":{"name":"getWaterStreak","decl":{"start":{"line":284,"column":15},"end":{"line":284,"column":29}},"loc":{"start":{"line":284,"column":40},"end":{"line":291,"column":1}},"line":284},"30":{"name":"getSmokingStreak","decl":{"start":{"line":294,"column":15},"end":{"line":294,"column":31}},"loc":{"start":{"line":294,"column":42},"end":{"line":301,"column":1}},"line":294},"31":{"name":"getMoneyStreak","decl":{"start":{"line":304,"column":15},"end":{"line":304,"column":29}},"loc":{"start":{"line":304,"column":40},"end":{"line":311,"column":1}},"line":304}},"branchMap":{},"s":{"0":1,"1":0,"2":0,"3":0,"4":0,"5":0,"6":0,"7":0,"8":0,"9":0,"10":0,"11":0,"12":0,"13":0,"14":0,"15":0,"16":0,"17":0,"18":0,"19":0,"20":0,"21":0,"22":0,"23":0,"24":0,"25":0,"26":0,"27":0,"28":0,"29":0,"30":0,"31":0,"32":0,"33":0,"34":0,"35":0,"36":0,"37":0,"38":0,"39":0,"40":0,"41":0,"42":0,"43":0,"44":0,"45":0,"46":0,"47":0,"48":0,"49":0,"50":0,"51":0,"52":0,"53":0,"54":0,"55":0,"56":0,"57":0,"58":0,"59":0,"60":0,"61":0,"62":0,"63":0,"64":0,"65":0,"66":0,"67":0,"68":0,"69":0,"70":0,"71":0,"72":0,"73":0,"74":0,"75":0,"76":0,"77":0,"78":0,"79":0,"80":0,"81":0,"82":0,"83":0,"84":0,"85":0,"86":0,"87":0,"88":0,"89":0,"90":0,"91":0,"92":0,"93":0,"94":0,"95":0,"96":0,"97":0,"98":0,"99":0,"100":0,"101":0,"102":0,"103":0,"104":0,"105":0,"106":0,"107":0,"108":0,"109":0,"110":0,"111":0,"112":0,"113":0,"114":0,"115":0,"116":0,"117":0,"118":0,"119":0,"120":0,"121":0,"122":0,"123":0,"124":0,"125":0,"126":0,"127":0,"128":0,"129":0,"130":1},"f":{"0":0,"1":0,"2":0,"3":0,"4":0,"5":0,"6":0,"7":0,"8":0,"9":0,"10":0,"11":0,"12":0,"13":0,"14":0,"15":0,"16":0,"17":0,"18":0,"19":0,"20":0,"21":0,"22":0,"23":0,"24":0,"25":0,"26":0,"27":0,"28":0,"29":0,"30":0,"31":0},"b":{},"_coverageSchema":"1a1c01bbd47fc00a2c39e90264f33305004495a9","hash":"b99e0a8c5d310f935ba8297d80e93783b00ec9b1"}
,"/code/controllers/tracks.js": {"path":"/code/controllers/tracks.js","statementMap":{"0":{"start":{"line":1,"column":17},"end":{"line":1,"column":43}},"1":{"start":{"line":2,"column":13},"end":{"line":2,"column":38}},"2":{"start":{"line":7,"column":4},"end":{"line":12,"column":5}},"3":{"start":{"line":8,"column":26},"end":{"line":8,"column":44}},"4":{"start":{"line":9,"column":8},"end":{"line":9,"column":39}},"5":{"start":{"line":11,"column":8},"end":{"line":11,"column":35}},"6":{"start":{"line":17,"column":4},"end":{"line":22,"column":5}},"7":{"start":{"line":18,"column":26},"end":{"line":18,"column":84}},"8":{"start":{"line":19,"column":8},"end":{"line":19,"column":39}},"9":{"start":{"line":21,"column":8},"end":{"line":21,"column":35}},"10":{"start":{"line":27,"column":4},"end":{"line":32,"column":5}},"11":{"start":{"line":28,"column":26},"end":{"line":28,"column":81}},"12":{"start":{"line":29,"column":8},"end":{"line":29,"column":39}},"13":{"start":{"line":31,"column":8},"end":{"line":31,"column":35}},"14":{"start":{"line":37,"column":4},"end":{"line":49,"column":5}},"15":{"start":{"line":38,"column":8},"end":{"line":40,"column":9}},"16":{"start":{"line":39,"column":12},"end":{"line":39,"column":27}},"17":{"start":{"line":40,"column":10},"end":{"line":43,"column":9}},"18":{"start":{"line":41,"column":29},"end":{"line":41,"column":60}},"19":{"start":{"line":42,"column":8},"end":{"line":42,"column":38}},"20":{"start":{"line":43,"column":9},"end":{"line":46,"column":9}},"21":{"start":{"line":44,"column":25},"end":{"line":44,"column":56}},"22":{"start":{"line":45,"column":8},"end":{"line":45,"column":38}},"23":{"start":{"line":48,"column":8},"end":{"line":48,"column":35}},"24":{"start":{"line":54,"column":4},"end":{"line":59,"column":5}},"25":{"start":{"line":55,"column":26},"end":{"line":55,"column":84}},"26":{"start":{"line":56,"column":8},"end":{"line":56,"column":39}},"27":{"start":{"line":58,"column":8},"end":{"line":58,"column":35}},"28":{"start":{"line":64,"column":4},"end":{"line":69,"column":5}},"29":{"start":{"line":65,"column":26},"end":{"line":65,"column":78}},"30":{"start":{"line":66,"column":8},"end":{"line":66,"column":39}},"31":{"start":{"line":68,"column":8},"end":{"line":68,"column":35}},"32":{"start":{"line":73,"column":0},"end":{"line":73,"column":175}}},"fnMap":{"0":{"name":"getAllTracking","decl":{"start":{"line":6,"column":15},"end":{"line":6,"column":29}},"loc":{"start":{"line":6,"column":40},"end":{"line":13,"column":1}},"line":6},"1":{"name":"getUserTrackingsByUsername","decl":{"start":{"line":16,"column":15},"end":{"line":16,"column":41}},"loc":{"start":{"line":16,"column":52},"end":{"line":23,"column":1}},"line":16},"2":{"name":"getUserTrackingsByUserId","decl":{"start":{"line":26,"column":15},"end":{"line":26,"column":39}},"loc":{"start":{"line":26,"column":50},"end":{"line":33,"column":1}},"line":26},"3":{"name":"updateUSerTrackings","decl":{"start":{"line":36,"column":15},"end":{"line":36,"column":34}},"loc":{"start":{"line":36,"column":45},"end":{"line":50,"column":1}},"line":36},"4":{"name":"getCurrentTrackingDataByUsername","decl":{"start":{"line":53,"column":15},"end":{"line":53,"column":47}},"loc":{"start":{"line":53,"column":58},"end":{"line":60,"column":1}},"line":53},"5":{"name":"getCurrentTrackingDataByUserId","decl":{"start":{"line":63,"column":15},"end":{"line":63,"column":45}},"loc":{"start":{"line":63,"column":56},"end":{"line":70,"column":1}},"line":63}},"branchMap":{"0":{"loc":{"start":{"line":38,"column":8},"end":{"line":40,"column":9}},"type":"if","locations":[{"start":{"line":38,"column":8},"end":{"line":40,"column":9}},{"start":{},"end":{}}],"line":38},"1":{"loc":{"start":{"line":40,"column":10},"end":{"line":43,"column":9}},"type":"if","locations":[{"start":{"line":40,"column":10},"end":{"line":43,"column":9}},{"start":{},"end":{}}],"line":40},"2":{"loc":{"start":{"line":43,"column":9},"end":{"line":46,"column":9}},"type":"if","locations":[{"start":{"line":43,"column":9},"end":{"line":46,"column":9}},{"start":{},"end":{}}],"line":43}},"s":{"0":1,"1":1,"2":1,"3":1,"4":1,"5":0,"6":0,"7":0,"8":0,"9":0,"10":0,"11":0,"12":0,"13":0,"14":0,"15":0,"16":0,"17":0,"18":0,"19":0,"20":0,"21":0,"22":0,"23":0,"24":0,"25":0,"26":0,"27":0,"28":0,"29":0,"30":0,"31":0,"32":1},"f":{"0":1,"1":0,"2":0,"3":0,"4":0,"5":0},"b":{"0":[0,0],"1":[0,0],"2":[0,0]},"_coverageSchema":"1a1c01bbd47fc00a2c39e90264f33305004495a9","hash":"1aea36d0b3a182a795421a395f1b6c948a90d772"}
,"/code/controllers/users.js": {"path":"/code/controllers/users.js","statementMap":{"0":{"start":{"line":1,"column":13},"end":{"line":1,"column":38}},"1":{"start":{"line":6,"column":4},"end":{"line":12,"column":5}},"2":{"start":{"line":8,"column":22},"end":{"line":8,"column":36}},"3":{"start":{"line":9,"column":8},"end":{"line":9,"column":35}},"4":{"start":{"line":11,"column":8},"end":{"line":11,"column":35}},"5":{"start":{"line":17,"column":4},"end":{"line":22,"column":5}},"6":{"start":{"line":18,"column":22},"end":{"line":18,"column":68}},"7":{"start":{"line":19,"column":8},"end":{"line":19,"column":35}},"8":{"start":{"line":21,"column":8},"end":{"line":21,"column":35}},"9":{"start":{"line":27,"column":4},"end":{"line":32,"column":5}},"10":{"start":{"line":28,"column":22},"end":{"line":28,"column":56}},"11":{"start":{"line":29,"column":8},"end":{"line":29,"column":35}},"12":{"start":{"line":31,"column":8},"end":{"line":31,"column":35}},"13":{"start":{"line":35,"column":0},"end":{"line":35,"column":50}}},"fnMap":{"0":{"name":"index","decl":{"start":{"line":5,"column":15},"end":{"line":5,"column":20}},"loc":{"start":{"line":5,"column":31},"end":{"line":13,"column":1}},"line":5},"1":{"name":"getByUsername","decl":{"start":{"line":16,"column":15},"end":{"line":16,"column":28}},"loc":{"start":{"line":16,"column":39},"end":{"line":23,"column":1}},"line":16},"2":{"name":"getById","decl":{"start":{"line":26,"column":15},"end":{"line":26,"column":22}},"loc":{"start":{"line":26,"column":33},"end":{"line":33,"column":1}},"line":26}},"branchMap":{},"s":{"0":1,"1":1,"2":1,"3":1,"4":0,"5":0,"6":0,"7":0,"8":0,"9":0,"10":0,"11":0,"12":0,"13":1},"f":{"0":1,"1":0,"2":0},"b":{},"_coverageSchema":"1a1c01bbd47fc00a2c39e90264f33305004495a9","hash":"b8e452a56952f79f371a0569763ef1dc0069e64e"}
,"/code/dbConfig/init.js": {"path":"/code/dbConfig/init.js","statementMap":{"0":{"start":{"line":1,"column":17},"end":{"line":1,"column":30}},"1":{"start":{"line":3,"column":13},"end":{"line":3,"column":23}},"2":{"start":{"line":5,"column":0},"end":{"line":5,"column":22}}},"fnMap":{},"branchMap":{},"s":{"0":3,"1":3,"2":3},"f":{},"b":{},"_coverageSchema":"1a1c01bbd47fc00a2c39e90264f33305004495a9","hash":"d3d3ebe121be0683aebd27677f9bf0c7419fde5d"}
,"/code/models/entry.js": {"path":"/code/models/entry.js","statementMap":{"0":{"start":{"line":1,"column":11},"end":{"line":1,"column":33}},"1":{"start":{"line":2,"column":13},"end":{"line":2,"column":30}},"2":{"start":{"line":3,"column":17},"end":{"line":3,"column":35}},"3":{"start":{"line":6,"column":8},"end":{"line":6,"column":25}},"4":{"start":{"line":7,"column":8},"end":{"line":7,"column":35}},"5":{"start":{"line":8,"column":8},"end":{"line":8,"column":43}},"6":{"start":{"line":9,"column":8},"end":{"line":9,"column":49}},"7":{"start":{"line":10,"column":8},"end":{"line":10,"column":43}},"8":{"start":{"line":11,"column":8},"end":{"line":11,"column":47}},"9":{"start":{"line":12,"column":8},"end":{"line":12,"column":43}},"10":{"start":{"line":13,"column":8},"end":{"line":13,"column":41}},"11":{"start":{"line":18,"column":8},"end":{"line":26,"column":10}},"12":{"start":{"line":19,"column":12},"end":{"line":25,"column":13}},"13":{"start":{"line":20,"column":31},"end":{"line":20,"column":71}},"14":{"start":{"line":21,"column":32},"end":{"line":21,"column":66}},"15":{"start":{"line":21,"column":53},"end":{"line":21,"column":65}},"16":{"start":{"line":22,"column":16},"end":{"line":22,"column":32}},"17":{"start":{"line":24,"column":16},"end":{"line":24,"column":58}},"18":{"start":{"line":32,"column":8},"end":{"line":41,"column":10}},"19":{"start":{"line":33,"column":12},"end":{"line":40,"column":13}},"20":{"start":{"line":34,"column":32},"end":{"line":34,"column":104}},"21":{"start":{"line":35,"column":28},"end":{"line":35,"column":56}},"22":{"start":{"line":36,"column":16},"end":{"line":36,"column":32}},"23":{"start":{"line":38,"column":16},"end":{"line":38,"column":42}},"24":{"start":{"line":39,"column":16},"end":{"line":39,"column":33}},"25":{"start":{"line":47,"column":8},"end":{"line":59,"column":10}},"26":{"start":{"line":48,"column":12},"end":{"line":58,"column":13}},"27":{"start":{"line":49,"column":109},"end":{"line":49,"column":118}},"28":{"start":{"line":50,"column":16},"end":{"line":50,"column":35}},"29":{"start":{"line":51,"column":35},"end":{"line":51,"column":285}},"30":{"start":{"line":52,"column":31},"end":{"line":52,"column":62}},"31":{"start":{"line":53,"column":16},"end":{"line":53,"column":38}},"32":{"start":{"line":54,"column":16},"end":{"line":54,"column":36}},"33":{"start":{"line":56,"column":16},"end":{"line":56,"column":33}},"34":{"start":{"line":57,"column":16},"end":{"line":57,"column":53}},"35":{"start":{"line":89,"column":8},"end":{"line":104,"column":11}},"36":{"start":{"line":90,"column":12},"end":{"line":103,"column":13}},"37":{"start":{"line":91,"column":109},"end":{"line":91,"column":114}},"38":{"start":{"line":93,"column":39},"end":{"line":97,"column":155}},"39":{"start":{"line":98,"column":35},"end":{"line":98,"column":70}},"40":{"start":{"line":99,"column":16},"end":{"line":99,"column":39}},"41":{"start":{"line":101,"column":16},"end":{"line":101,"column":33}},"42":{"start":{"line":102,"column":16},"end":{"line":102,"column":47}},"43":{"start":{"line":111,"column":8},"end":{"line":119,"column":10}},"44":{"start":{"line":112,"column":12},"end":{"line":118,"column":13}},"45":{"start":{"line":113,"column":31},"end":{"line":113,"column":103}},"46":{"start":{"line":114,"column":16},"end":{"line":114,"column":44}},"47":{"start":{"line":116,"column":16},"end":{"line":116,"column":52}},"48":{"start":{"line":117,"column":16},"end":{"line":117,"column":32}},"49":{"start":{"line":124,"column":8},"end":{"line":141,"column":10}},"50":{"start":{"line":125,"column":12},"end":{"line":140,"column":13}},"51":{"start":{"line":126,"column":27},"end":{"line":126,"column":62}},"52":{"start":{"line":128,"column":31},"end":{"line":128,"column":128}},"53":{"start":{"line":130,"column":32},"end":{"line":130,"column":66}},"54":{"start":{"line":130,"column":53},"end":{"line":130,"column":65}},"55":{"start":{"line":131,"column":32},"end":{"line":131,"column":45}},"56":{"start":{"line":132,"column":39},"end":{"line":136,"column":89}},"57":{"start":{"line":137,"column":16},"end":{"line":137,"column":43}},"58":{"start":{"line":139,"column":16},"end":{"line":139,"column":60}},"59":{"start":{"line":144,"column":8},"end":{"line":161,"column":10}},"60":{"start":{"line":145,"column":12},"end":{"line":160,"column":13}},"61":{"start":{"line":146,"column":27},"end":{"line":146,"column":62}},"62":{"start":{"line":148,"column":31},"end":{"line":148,"column":128}},"63":{"start":{"line":150,"column":32},"end":{"line":150,"column":66}},"64":{"start":{"line":150,"column":53},"end":{"line":150,"column":65}},"65":{"start":{"line":151,"column":32},"end":{"line":151,"column":45}},"66":{"start":{"line":152,"column":39},"end":{"line":156,"column":88}},"67":{"start":{"line":157,"column":16},"end":{"line":157,"column":43}},"68":{"start":{"line":159,"column":16},"end":{"line":159,"column":60}},"69":{"start":{"line":164,"column":8},"end":{"line":181,"column":10}},"70":{"start":{"line":165,"column":12},"end":{"line":180,"column":13}},"71":{"start":{"line":166,"column":27},"end":{"line":166,"column":62}},"72":{"start":{"line":168,"column":31},"end":{"line":168,"column":128}},"73":{"start":{"line":170,"column":32},"end":{"line":170,"column":66}},"74":{"start":{"line":170,"column":53},"end":{"line":170,"column":65}},"75":{"start":{"line":171,"column":32},"end":{"line":171,"column":45}},"76":{"start":{"line":172,"column":39},"end":{"line":176,"column":89}},"77":{"start":{"line":177,"column":16},"end":{"line":177,"column":43}},"78":{"start":{"line":179,"column":16},"end":{"line":179,"column":60}},"79":{"start":{"line":184,"column":8},"end":{"line":202,"column":10}},"80":{"start":{"line":185,"column":12},"end":{"line":201,"column":13}},"81":{"start":{"line":186,"column":27},"end":{"line":186,"column":62}},"82":{"start":{"line":188,"column":31},"end":{"line":188,"column":128}},"83":{"start":{"line":190,"column":32},"end":{"line":190,"column":66}},"84":{"start":{"line":190,"column":53},"end":{"line":190,"column":65}},"85":{"start":{"line":191,"column":32},"end":{"line":191,"column":45}},"86":{"start":{"line":192,"column":39},"end":{"line":196,"column":101}},"87":{"start":{"line":197,"column":16},"end":{"line":197,"column":53}},"88":{"start":{"line":198,"column":16},"end":{"line":198,"column":43}},"89":{"start":{"line":200,"column":16},"end":{"line":200,"column":60}},"90":{"start":{"line":207,"column":8},"end":{"line":228,"column":10}},"91":{"start":{"line":208,"column":12},"end":{"line":227,"column":13}},"92":{"start":{"line":209,"column":27},"end":{"line":209,"column":62}},"93":{"start":{"line":211,"column":31},"end":{"line":211,"column":128}},"94":{"start":{"line":213,"column":32},"end":{"line":213,"column":66}},"95":{"start":{"line":213,"column":53},"end":{"line":213,"column":65}},"96":{"start":{"line":215,"column":36},"end":{"line":215,"column":60}},"97":{"start":{"line":216,"column":33},"end":{"line":216,"column":48}},"98":{"start":{"line":218,"column":32},"end":{"line":218,"column":45}},"99":{"start":{"line":219,"column":39},"end":{"line":223,"column":92}},"100":{"start":{"line":224,"column":16},"end":{"line":224,"column":43}},"101":{"start":{"line":226,"column":16},"end":{"line":226,"column":60}},"102":{"start":{"line":231,"column":8},"end":{"line":252,"column":10}},"103":{"start":{"line":232,"column":12},"end":{"line":251,"column":13}},"104":{"start":{"line":233,"column":27},"end":{"line":233,"column":62}},"105":{"start":{"line":235,"column":31},"end":{"line":235,"column":128}},"106":{"start":{"line":237,"column":32},"end":{"line":237,"column":66}},"107":{"start":{"line":237,"column":53},"end":{"line":237,"column":65}},"108":{"start":{"line":239,"column":36},"end":{"line":239,"column":60}},"109":{"start":{"line":240,"column":33},"end":{"line":240,"column":48}},"110":{"start":{"line":242,"column":32},"end":{"line":242,"column":45}},"111":{"start":{"line":243,"column":39},"end":{"line":247,"column":92}},"112":{"start":{"line":248,"column":16},"end":{"line":248,"column":43}},"113":{"start":{"line":250,"column":16},"end":{"line":250,"column":60}},"114":{"start":{"line":257,"column":8},"end":{"line":278,"column":10}},"115":{"start":{"line":258,"column":12},"end":{"line":277,"column":13}},"116":{"start":{"line":259,"column":27},"end":{"line":259,"column":62}},"117":{"start":{"line":261,"column":31},"end":{"line":261,"column":128}},"118":{"start":{"line":263,"column":32},"end":{"line":263,"column":66}},"119":{"start":{"line":263,"column":53},"end":{"line":263,"column":65}},"120":{"start":{"line":265,"column":36},"end":{"line":265,"column":58}},"121":{"start":{"line":266,"column":33},"end":{"line":266,"column":48}},"122":{"start":{"line":268,"column":32},"end":{"line":268,"column":45}},"123":{"start":{"line":269,"column":39},"end":{"line":273,"column":93}},"124":{"start":{"line":274,"column":16},"end":{"line":274,"column":43}},"125":{"start":{"line":276,"column":16},"end":{"line":276,"column":60}},"126":{"start":{"line":283,"column":4},"end":{"line":304,"column":6}},"127":{"start":{"line":284,"column":8},"end":{"line":303,"column":9}},"128":{"start":{"line":285,"column":23},"end":{"line":285,"column":58}},"129":{"start":{"line":287,"column":27},"end":{"line":287,"column":124}},"130":{"start":{"line":289,"column":28},"end":{"line":289,"column":62}},"131":{"start":{"line":289,"column":49},"end":{"line":289,"column":61}},"132":{"start":{"line":291,"column":32},"end":{"line":291,"column":54}},"133":{"start":{"line":292,"column":29},"end":{"line":292,"column":44}},"134":{"start":{"line":294,"column":28},"end":{"line":294,"column":41}},"135":{"start":{"line":295,"column":35},"end":{"line":299,"column":89}},"136":{"start":{"line":300,"column":12},"end":{"line":300,"column":39}},"137":{"start":{"line":302,"column":12},"end":{"line":302,"column":56}},"138":{"start":{"line":311,"column":8},"end":{"line":326,"column":10}},"139":{"start":{"line":312,"column":12},"end":{"line":325,"column":13}},"140":{"start":{"line":313,"column":30},"end":{"line":313,"column":31}},"141":{"start":{"line":314,"column":27},"end":{"line":314,"column":62}},"142":{"start":{"line":315,"column":31},"end":{"line":315,"column":128}},"143":{"start":{"line":316,"column":32},"end":{"line":316,"column":66}},"144":{"start":{"line":316,"column":53},"end":{"line":316,"column":65}},"145":{"start":{"line":318,"column":16},"end":{"line":321,"column":17}},"146":{"start":{"line":318,"column":29},"end":{"line":318,"column":30}},"147":{"start":{"line":319,"column":20},"end":{"line":319,"column":67}},"148":{"start":{"line":319,"column":59},"end":{"line":319,"column":65}},"149":{"start":{"line":320,"column":20},"end":{"line":320,"column":32}},"150":{"start":{"line":322,"column":16},"end":{"line":322,"column":34}},"151":{"start":{"line":324,"column":16},"end":{"line":324,"column":60}},"152":{"start":{"line":329,"column":8},"end":{"line":343,"column":10}},"153":{"start":{"line":330,"column":12},"end":{"line":342,"column":13}},"154":{"start":{"line":331,"column":30},"end":{"line":331,"column":31}},"155":{"start":{"line":332,"column":27},"end":{"line":332,"column":62}},"156":{"start":{"line":333,"column":31},"end":{"line":333,"column":128}},"157":{"start":{"line":334,"column":32},"end":{"line":334,"column":66}},"158":{"start":{"line":334,"column":53},"end":{"line":334,"column":65}},"159":{"start":{"line":335,"column":16},"end":{"line":338,"column":17}},"160":{"start":{"line":335,"column":29},"end":{"line":335,"column":30}},"161":{"start":{"line":336,"column":20},"end":{"line":336,"column":70}},"162":{"start":{"line":336,"column":62},"end":{"line":336,"column":68}},"163":{"start":{"line":337,"column":20},"end":{"line":337,"column":32}},"164":{"start":{"line":339,"column":16},"end":{"line":339,"column":34}},"165":{"start":{"line":341,"column":16},"end":{"line":341,"column":60}},"166":{"start":{"line":346,"column":8},"end":{"line":360,"column":10}},"167":{"start":{"line":347,"column":12},"end":{"line":359,"column":13}},"168":{"start":{"line":348,"column":30},"end":{"line":348,"column":31}},"169":{"start":{"line":349,"column":27},"end":{"line":349,"column":62}},"170":{"start":{"line":350,"column":31},"end":{"line":350,"column":128}},"171":{"start":{"line":351,"column":32},"end":{"line":351,"column":66}},"172":{"start":{"line":351,"column":53},"end":{"line":351,"column":65}},"173":{"start":{"line":352,"column":16},"end":{"line":355,"column":17}},"174":{"start":{"line":352,"column":29},"end":{"line":352,"column":30}},"175":{"start":{"line":353,"column":20},"end":{"line":353,"column":62}},"176":{"start":{"line":353,"column":54},"end":{"line":353,"column":60}},"177":{"start":{"line":354,"column":20},"end":{"line":354,"column":32}},"178":{"start":{"line":356,"column":16},"end":{"line":356,"column":34}},"179":{"start":{"line":358,"column":16},"end":{"line":358,"column":60}},"180":{"start":{"line":363,"column":8},"end":{"line":379,"column":10}},"181":{"start":{"line":364,"column":12},"end":{"line":378,"column":13}},"182":{"start":{"line":365,"column":30},"end":{"line":365,"column":31}},"183":{"start":{"line":366,"column":27},"end":{"line":366,"column":62}},"184":{"start":{"line":367,"column":31},"end":{"line":367,"column":128}},"185":{"start":{"line":368,"column":32},"end":{"line":368,"column":66}},"186":{"start":{"line":368,"column":53},"end":{"line":368,"column":65}},"187":{"start":{"line":369,"column":29},"end":{"line":369,"column":119}},"188":{"start":{"line":370,"column":16},"end":{"line":370,"column":52}},"189":{"start":{"line":371,"column":16},"end":{"line":374,"column":17}},"190":{"start":{"line":371,"column":29},"end":{"line":371,"column":30}},"191":{"start":{"line":372,"column":20},"end":{"line":372,"column":83}},"192":{"start":{"line":372,"column":75},"end":{"line":372,"column":81}},"193":{"start":{"line":373,"column":20},"end":{"line":373,"column":32}},"194":{"start":{"line":375,"column":16},"end":{"line":375,"column":34}},"195":{"start":{"line":377,"column":16},"end":{"line":377,"column":60}},"196":{"start":{"line":382,"column":8},"end":{"line":397,"column":10}},"197":{"start":{"line":383,"column":12},"end":{"line":396,"column":13}},"198":{"start":{"line":384,"column":30},"end":{"line":384,"column":31}},"199":{"start":{"line":385,"column":27},"end":{"line":385,"column":62}},"200":{"start":{"line":386,"column":31},"end":{"line":386,"column":128}},"201":{"start":{"line":387,"column":32},"end":{"line":387,"column":66}},"202":{"start":{"line":387,"column":53},"end":{"line":387,"column":65}},"203":{"start":{"line":388,"column":29},"end":{"line":388,"column":121}},"204":{"start":{"line":389,"column":16},"end":{"line":392,"column":17}},"205":{"start":{"line":389,"column":29},"end":{"line":389,"column":30}},"206":{"start":{"line":390,"column":20},"end":{"line":390,"column":87}},"207":{"start":{"line":390,"column":79},"end":{"line":390,"column":85}},"208":{"start":{"line":391,"column":20},"end":{"line":391,"column":32}},"209":{"start":{"line":393,"column":16},"end":{"line":393,"column":34}},"210":{"start":{"line":395,"column":16},"end":{"line":395,"column":60}},"211":{"start":{"line":400,"column":8},"end":{"line":461,"column":10}},"212":{"start":{"line":401,"column":12},"end":{"line":460,"column":13}},"213":{"start":{"line":403,"column":34},"end":{"line":403,"column":36}},"214":{"start":{"line":405,"column":27},"end":{"line":405,"column":62}},"215":{"start":{"line":407,"column":37},"end":{"line":407,"column":108}},"216":{"start":{"line":409,"column":31},"end":{"line":409,"column":128}},"217":{"start":{"line":410,"column":32},"end":{"line":410,"column":66}},"218":{"start":{"line":410,"column":53},"end":{"line":410,"column":65}},"219":{"start":{"line":412,"column":16},"end":{"line":419,"column":17}},"220":{"start":{"line":413,"column":39},"end":{"line":413,"column":40}},"221":{"start":{"line":414,"column":20},"end":{"line":417,"column":21}},"222":{"start":{"line":414,"column":33},"end":{"line":414,"column":34}},"223":{"start":{"line":415,"column":24},"end":{"line":415,"column":71}},"224":{"start":{"line":415,"column":63},"end":{"line":415,"column":69}},"225":{"start":{"line":416,"column":24},"end":{"line":416,"column":41}},"226":{"start":{"line":418,"column":20},"end":{"line":418,"column":50}},"227":{"start":{"line":420,"column":16},"end":{"line":427,"column":17}},"228":{"start":{"line":421,"column":42},"end":{"line":421,"column":43}},"229":{"start":{"line":422,"column":20},"end":{"line":425,"column":21}},"230":{"start":{"line":422,"column":33},"end":{"line":422,"column":34}},"231":{"start":{"line":423,"column":24},"end":{"line":423,"column":74}},"232":{"start":{"line":423,"column":66},"end":{"line":423,"column":72}},"233":{"start":{"line":424,"column":24},"end":{"line":424,"column":44}},"234":{"start":{"line":426,"column":20},"end":{"line":426,"column":53}},"235":{"start":{"line":428,"column":16},"end":{"line":435,"column":17}},"236":{"start":{"line":429,"column":39},"end":{"line":429,"column":40}},"237":{"start":{"line":430,"column":20},"end":{"line":433,"column":21}},"238":{"start":{"line":430,"column":33},"end":{"line":430,"column":34}},"239":{"start":{"line":431,"column":24},"end":{"line":431,"column":66}},"240":{"start":{"line":431,"column":58},"end":{"line":431,"column":64}},"241":{"start":{"line":432,"column":24},"end":{"line":432,"column":41}},"242":{"start":{"line":434,"column":20},"end":{"line":434,"column":50}},"243":{"start":{"line":436,"column":16},"end":{"line":444,"column":17}},"244":{"start":{"line":437,"column":38},"end":{"line":437,"column":128}},"245":{"start":{"line":438,"column":39},"end":{"line":438,"column":40}},"246":{"start":{"line":439,"column":20},"end":{"line":442,"column":21}},"247":{"start":{"line":439,"column":33},"end":{"line":439,"column":34}},"248":{"start":{"line":440,"column":24},"end":{"line":440,"column":92}},"249":{"start":{"line":440,"column":84},"end":{"line":440,"column":90}},"250":{"start":{"line":441,"column":24},"end":{"line":441,"column":41}},"251":{"start":{"line":443,"column":20},"end":{"line":443,"column":50}},"252":{"start":{"line":445,"column":16},"end":{"line":453,"column":17}},"253":{"start":{"line":446,"column":41},"end":{"line":446,"column":42}},"254":{"start":{"line":447,"column":40},"end":{"line":447,"column":132}},"255":{"start":{"line":448,"column":20},"end":{"line":451,"column":21}},"256":{"start":{"line":448,"column":33},"end":{"line":448,"column":34}},"257":{"start":{"line":449,"column":24},"end":{"line":449,"column":98}},"258":{"start":{"line":449,"column":90},"end":{"line":449,"column":96}},"259":{"start":{"line":450,"column":24},"end":{"line":450,"column":43}},"260":{"start":{"line":452,"column":20},"end":{"line":452,"column":52}},"261":{"start":{"line":455,"column":16},"end":{"line":455,"column":34}},"262":{"start":{"line":457,"column":16},"end":{"line":457,"column":40}},"263":{"start":{"line":459,"column":16},"end":{"line":459,"column":60}},"264":{"start":{"line":465,"column":8},"end":{"line":526,"column":10}},"265":{"start":{"line":466,"column":12},"end":{"line":525,"column":13}},"266":{"start":{"line":468,"column":39},"end":{"line":468,"column":54}},"267":{"start":{"line":469,"column":34},"end":{"line":469,"column":35}},"268":{"start":{"line":471,"column":27},"end":{"line":471,"column":62}},"269":{"start":{"line":473,"column":37},"end":{"line":473,"column":108}},"270":{"start":{"line":475,"column":31},"end":{"line":475,"column":128}},"271":{"start":{"line":476,"column":32},"end":{"line":476,"column":66}},"272":{"start":{"line":476,"column":53},"end":{"line":476,"column":65}},"273":{"start":{"line":479,"column":16},"end":{"line":486,"column":17}},"274":{"start":{"line":480,"column":20},"end":{"line":480,"column":37}},"275":{"start":{"line":481,"column":20},"end":{"line":485,"column":21}},"276":{"start":{"line":481,"column":33},"end":{"line":481,"column":34}},"277":{"start":{"line":482,"column":24},"end":{"line":484,"column":25}},"278":{"start":{"line":483,"column":28},"end":{"line":483,"column":53}},"279":{"start":{"line":487,"column":16},"end":{"line":494,"column":17}},"280":{"start":{"line":488,"column":20},"end":{"line":488,"column":37}},"281":{"start":{"line":489,"column":20},"end":{"line":493,"column":21}},"282":{"start":{"line":489,"column":33},"end":{"line":489,"column":34}},"283":{"start":{"line":490,"column":24},"end":{"line":492,"column":25}},"284":{"start":{"line":491,"column":28},"end":{"line":491,"column":53}},"285":{"start":{"line":495,"column":16},"end":{"line":502,"column":17}},"286":{"start":{"line":496,"column":20},"end":{"line":496,"column":37}},"287":{"start":{"line":497,"column":20},"end":{"line":501,"column":21}},"288":{"start":{"line":497,"column":33},"end":{"line":497,"column":34}},"289":{"start":{"line":498,"column":24},"end":{"line":500,"column":25}},"290":{"start":{"line":499,"column":28},"end":{"line":499,"column":53}},"291":{"start":{"line":503,"column":16},"end":{"line":511,"column":17}},"292":{"start":{"line":504,"column":38},"end":{"line":504,"column":128}},"293":{"start":{"line":505,"column":20},"end":{"line":505,"column":37}},"294":{"start":{"line":506,"column":20},"end":{"line":510,"column":21}},"295":{"start":{"line":506,"column":33},"end":{"line":506,"column":34}},"296":{"start":{"line":507,"column":24},"end":{"line":509,"column":25}},"297":{"start":{"line":508,"column":28},"end":{"line":508,"column":53}},"298":{"start":{"line":512,"column":16},"end":{"line":520,"column":17}},"299":{"start":{"line":513,"column":40},"end":{"line":513,"column":132}},"300":{"start":{"line":514,"column":20},"end":{"line":514,"column":37}},"301":{"start":{"line":515,"column":20},"end":{"line":519,"column":21}},"302":{"start":{"line":515,"column":33},"end":{"line":515,"column":34}},"303":{"start":{"line":516,"column":24},"end":{"line":518,"column":25}},"304":{"start":{"line":517,"column":28},"end":{"line":517,"column":53}},"305":{"start":{"line":521,"column":46},"end":{"line":521,"column":118}},"306":{"start":{"line":521,"column":78},"end":{"line":521,"column":117}},"307":{"start":{"line":522,"column":16},"end":{"line":522,"column":47}},"308":{"start":{"line":524,"column":16},"end":{"line":524,"column":60}},"309":{"start":{"line":529,"column":8},"end":{"line":542,"column":10}},"310":{"start":{"line":530,"column":12},"end":{"line":541,"column":13}},"311":{"start":{"line":531,"column":46},"end":{"line":531,"column":48}},"312":{"start":{"line":532,"column":27},"end":{"line":532,"column":62}},"313":{"start":{"line":533,"column":31},"end":{"line":533,"column":128}},"314":{"start":{"line":534,"column":32},"end":{"line":534,"column":66}},"315":{"start":{"line":534,"column":53},"end":{"line":534,"column":65}},"316":{"start":{"line":535,"column":16},"end":{"line":537,"column":17}},"317":{"start":{"line":535,"column":29},"end":{"line":535,"column":30}},"318":{"start":{"line":536,"column":20},"end":{"line":536,"column":73}},"319":{"start":{"line":538,"column":16},"end":{"line":538,"column":48}},"320":{"start":{"line":540,"column":16},"end":{"line":540,"column":60}},"321":{"start":{"line":545,"column":8},"end":{"line":558,"column":10}},"322":{"start":{"line":546,"column":12},"end":{"line":557,"column":13}},"323":{"start":{"line":547,"column":45},"end":{"line":547,"column":47}},"324":{"start":{"line":548,"column":27},"end":{"line":548,"column":62}},"325":{"start":{"line":549,"column":31},"end":{"line":549,"column":128}},"326":{"start":{"line":550,"column":32},"end":{"line":550,"column":66}},"327":{"start":{"line":550,"column":53},"end":{"line":550,"column":65}},"328":{"start":{"line":551,"column":16},"end":{"line":553,"column":17}},"329":{"start":{"line":551,"column":29},"end":{"line":551,"column":30}},"330":{"start":{"line":552,"column":20},"end":{"line":552,"column":71}},"331":{"start":{"line":554,"column":16},"end":{"line":554,"column":47}},"332":{"start":{"line":556,"column":16},"end":{"line":556,"column":60}},"333":{"start":{"line":561,"column":8},"end":{"line":574,"column":10}},"334":{"start":{"line":562,"column":12},"end":{"line":573,"column":13}},"335":{"start":{"line":563,"column":43},"end":{"line":563,"column":45}},"336":{"start":{"line":564,"column":27},"end":{"line":564,"column":62}},"337":{"start":{"line":565,"column":31},"end":{"line":565,"column":128}},"338":{"start":{"line":566,"column":32},"end":{"line":566,"column":66}},"339":{"start":{"line":566,"column":53},"end":{"line":566,"column":65}},"340":{"start":{"line":567,"column":16},"end":{"line":569,"column":17}},"341":{"start":{"line":567,"column":29},"end":{"line":567,"column":30}},"342":{"start":{"line":568,"column":20},"end":{"line":568,"column":67}},"343":{"start":{"line":570,"column":16},"end":{"line":570,"column":45}},"344":{"start":{"line":572,"column":16},"end":{"line":572,"column":60}},"345":{"start":{"line":577,"column":8},"end":{"line":590,"column":10}},"346":{"start":{"line":578,"column":12},"end":{"line":589,"column":13}},"347":{"start":{"line":579,"column":43},"end":{"line":579,"column":45}},"348":{"start":{"line":580,"column":27},"end":{"line":580,"column":62}},"349":{"start":{"line":581,"column":31},"end":{"line":581,"column":128}},"350":{"start":{"line":582,"column":32},"end":{"line":582,"column":66}},"351":{"start":{"line":582,"column":53},"end":{"line":582,"column":65}},"352":{"start":{"line":583,"column":16},"end":{"line":585,"column":17}},"353":{"start":{"line":583,"column":29},"end":{"line":583,"column":30}},"354":{"start":{"line":584,"column":20},"end":{"line":584,"column":67}},"355":{"start":{"line":586,"column":16},"end":{"line":586,"column":45}},"356":{"start":{"line":588,"column":16},"end":{"line":588,"column":60}},"357":{"start":{"line":593,"column":8},"end":{"line":606,"column":10}},"358":{"start":{"line":594,"column":12},"end":{"line":605,"column":13}},"359":{"start":{"line":595,"column":43},"end":{"line":595,"column":45}},"360":{"start":{"line":596,"column":27},"end":{"line":596,"column":62}},"361":{"start":{"line":597,"column":31},"end":{"line":597,"column":128}},"362":{"start":{"line":598,"column":32},"end":{"line":598,"column":66}},"363":{"start":{"line":598,"column":53},"end":{"line":598,"column":65}},"364":{"start":{"line":599,"column":16},"end":{"line":601,"column":17}},"365":{"start":{"line":599,"column":29},"end":{"line":599,"column":30}},"366":{"start":{"line":600,"column":20},"end":{"line":600,"column":67}},"367":{"start":{"line":602,"column":16},"end":{"line":602,"column":45}},"368":{"start":{"line":604,"column":16},"end":{"line":604,"column":60}},"369":{"start":{"line":610,"column":8},"end":{"line":630,"column":10}},"370":{"start":{"line":611,"column":12},"end":{"line":629,"column":13}},"371":{"start":{"line":612,"column":45},"end":{"line":612,"column":47}},"372":{"start":{"line":613,"column":27},"end":{"line":613,"column":62}},"373":{"start":{"line":614,"column":31},"end":{"line":614,"column":128}},"374":{"start":{"line":615,"column":32},"end":{"line":615,"column":66}},"375":{"start":{"line":615,"column":53},"end":{"line":615,"column":65}},"376":{"start":{"line":616,"column":16},"end":{"line":624,"column":17}},"377":{"start":{"line":616,"column":28},"end":{"line":616,"column":29}},"378":{"start":{"line":617,"column":20},"end":{"line":623,"column":21}},"379":{"start":{"line":618,"column":24},"end":{"line":618,"column":52}},"380":{"start":{"line":619,"column":26},"end":{"line":623,"column":21}},"381":{"start":{"line":620,"column":24},"end":{"line":620,"column":52}},"382":{"start":{"line":622,"column":24},"end":{"line":622,"column":52}},"383":{"start":{"line":626,"column":16},"end":{"line":626,"column":47}},"384":{"start":{"line":628,"column":16},"end":{"line":628,"column":60}},"385":{"start":{"line":633,"column":8},"end":{"line":654,"column":10}},"386":{"start":{"line":634,"column":12},"end":{"line":653,"column":13}},"387":{"start":{"line":635,"column":45},"end":{"line":635,"column":47}},"388":{"start":{"line":636,"column":27},"end":{"line":636,"column":62}},"389":{"start":{"line":637,"column":31},"end":{"line":637,"column":128}},"390":{"start":{"line":638,"column":32},"end":{"line":638,"column":66}},"391":{"start":{"line":638,"column":53},"end":{"line":638,"column":65}},"392":{"start":{"line":639,"column":16},"end":{"line":639,"column":51}},"393":{"start":{"line":640,"column":16},"end":{"line":649,"column":17}},"394":{"start":{"line":640,"column":28},"end":{"line":640,"column":29}},"395":{"start":{"line":641,"column":20},"end":{"line":648,"column":21}},"396":{"start":{"line":642,"column":24},"end":{"line":642,"column":52}},"397":{"start":{"line":643,"column":24},"end":{"line":643,"column":60}},"398":{"start":{"line":644,"column":26},"end":{"line":648,"column":21}},"399":{"start":{"line":645,"column":24},"end":{"line":645,"column":52}},"400":{"start":{"line":647,"column":24},"end":{"line":647,"column":52}},"401":{"start":{"line":650,"column":16},"end":{"line":650,"column":47}},"402":{"start":{"line":652,"column":16},"end":{"line":652,"column":60}},"403":{"start":{"line":657,"column":8},"end":{"line":678,"column":10}},"404":{"start":{"line":658,"column":12},"end":{"line":677,"column":13}},"405":{"start":{"line":659,"column":48},"end":{"line":659,"column":50}},"406":{"start":{"line":660,"column":27},"end":{"line":660,"column":62}},"407":{"start":{"line":661,"column":31},"end":{"line":661,"column":128}},"408":{"start":{"line":662,"column":32},"end":{"line":662,"column":66}},"409":{"start":{"line":662,"column":53},"end":{"line":662,"column":65}},"410":{"start":{"line":663,"column":16},"end":{"line":663,"column":54}},"411":{"start":{"line":664,"column":16},"end":{"line":673,"column":17}},"412":{"start":{"line":664,"column":28},"end":{"line":664,"column":29}},"413":{"start":{"line":665,"column":20},"end":{"line":672,"column":21}},"414":{"start":{"line":666,"column":24},"end":{"line":666,"column":55}},"415":{"start":{"line":667,"column":24},"end":{"line":667,"column":63}},"416":{"start":{"line":668,"column":26},"end":{"line":672,"column":21}},"417":{"start":{"line":669,"column":24},"end":{"line":669,"column":55}},"418":{"start":{"line":671,"column":24},"end":{"line":671,"column":55}},"419":{"start":{"line":674,"column":16},"end":{"line":674,"column":50}},"420":{"start":{"line":676,"column":16},"end":{"line":676,"column":60}},"421":{"start":{"line":681,"column":8},"end":{"line":704,"column":10}},"422":{"start":{"line":682,"column":12},"end":{"line":703,"column":13}},"423":{"start":{"line":683,"column":45},"end":{"line":683,"column":47}},"424":{"start":{"line":684,"column":27},"end":{"line":684,"column":62}},"425":{"start":{"line":685,"column":31},"end":{"line":685,"column":128}},"426":{"start":{"line":686,"column":32},"end":{"line":686,"column":66}},"427":{"start":{"line":686,"column":53},"end":{"line":686,"column":65}},"428":{"start":{"line":687,"column":29},"end":{"line":687,"column":119}},"429":{"start":{"line":688,"column":16},"end":{"line":688,"column":51}},"430":{"start":{"line":689,"column":16},"end":{"line":698,"column":17}},"431":{"start":{"line":689,"column":28},"end":{"line":689,"column":29}},"432":{"start":{"line":690,"column":20},"end":{"line":697,"column":21}},"433":{"start":{"line":691,"column":24},"end":{"line":691,"column":52}},"434":{"start":{"line":692,"column":24},"end":{"line":692,"column":60}},"435":{"start":{"line":693,"column":26},"end":{"line":697,"column":21}},"436":{"start":{"line":694,"column":24},"end":{"line":694,"column":52}},"437":{"start":{"line":696,"column":24},"end":{"line":696,"column":52}},"438":{"start":{"line":700,"column":16},"end":{"line":700,"column":47}},"439":{"start":{"line":702,"column":16},"end":{"line":702,"column":60}},"440":{"start":{"line":707,"column":8},"end":{"line":730,"column":10}},"441":{"start":{"line":708,"column":12},"end":{"line":729,"column":13}},"442":{"start":{"line":709,"column":47},"end":{"line":709,"column":49}},"443":{"start":{"line":710,"column":27},"end":{"line":710,"column":62}},"444":{"start":{"line":711,"column":31},"end":{"line":711,"column":128}},"445":{"start":{"line":712,"column":32},"end":{"line":712,"column":66}},"446":{"start":{"line":712,"column":53},"end":{"line":712,"column":65}},"447":{"start":{"line":713,"column":29},"end":{"line":713,"column":121}},"448":{"start":{"line":714,"column":16},"end":{"line":714,"column":53}},"449":{"start":{"line":715,"column":16},"end":{"line":724,"column":17}},"450":{"start":{"line":715,"column":28},"end":{"line":715,"column":29}},"451":{"start":{"line":716,"column":20},"end":{"line":723,"column":21}},"452":{"start":{"line":717,"column":24},"end":{"line":717,"column":54}},"453":{"start":{"line":718,"column":24},"end":{"line":718,"column":62}},"454":{"start":{"line":719,"column":26},"end":{"line":723,"column":21}},"455":{"start":{"line":720,"column":24},"end":{"line":720,"column":54}},"456":{"start":{"line":722,"column":24},"end":{"line":722,"column":54}},"457":{"start":{"line":726,"column":16},"end":{"line":726,"column":49}},"458":{"start":{"line":728,"column":16},"end":{"line":728,"column":60}},"459":{"start":{"line":733,"column":8},"end":{"line":811,"column":10}},"460":{"start":{"line":734,"column":12},"end":{"line":810,"column":13}},"461":{"start":{"line":737,"column":39},"end":{"line":737,"column":41}},"462":{"start":{"line":738,"column":16},"end":{"line":740,"column":17}},"463":{"start":{"line":738,"column":28},"end":{"line":738,"column":29}},"464":{"start":{"line":739,"column":24},"end":{"line":739,"column":48}},"465":{"start":{"line":742,"column":34},"end":{"line":742,"column":35}},"466":{"start":{"line":744,"column":27},"end":{"line":744,"column":62}},"467":{"start":{"line":746,"column":37},"end":{"line":746,"column":108}},"468":{"start":{"line":748,"column":31},"end":{"line":748,"column":128}},"469":{"start":{"line":749,"column":32},"end":{"line":749,"column":66}},"470":{"start":{"line":749,"column":53},"end":{"line":749,"column":65}},"471":{"start":{"line":752,"column":16},"end":{"line":761,"column":17}},"472":{"start":{"line":753,"column":20},"end":{"line":753,"column":37}},"473":{"start":{"line":754,"column":20},"end":{"line":760,"column":21}},"474":{"start":{"line":754,"column":32},"end":{"line":754,"column":33}},"475":{"start":{"line":755,"column":24},"end":{"line":757,"column":25}},"476":{"start":{"line":756,"column":28},"end":{"line":756,"column":53}},"477":{"start":{"line":757,"column":25},"end":{"line":759,"column":25}},"478":{"start":{"line":758,"column":28},"end":{"line":758,"column":53}},"479":{"start":{"line":762,"column":16},"end":{"line":771,"column":17}},"480":{"start":{"line":763,"column":20},"end":{"line":763,"column":37}},"481":{"start":{"line":764,"column":20},"end":{"line":770,"column":21}},"482":{"start":{"line":764,"column":32},"end":{"line":764,"column":33}},"483":{"start":{"line":765,"column":24},"end":{"line":767,"column":25}},"484":{"start":{"line":766,"column":28},"end":{"line":766,"column":53}},"485":{"start":{"line":767,"column":25},"end":{"line":769,"column":25}},"486":{"start":{"line":768,"column":28},"end":{"line":768,"column":53}},"487":{"start":{"line":772,"column":16},"end":{"line":781,"column":17}},"488":{"start":{"line":773,"column":20},"end":{"line":773,"column":37}},"489":{"start":{"line":774,"column":20},"end":{"line":780,"column":21}},"490":{"start":{"line":774,"column":32},"end":{"line":774,"column":33}},"491":{"start":{"line":775,"column":24},"end":{"line":777,"column":25}},"492":{"start":{"line":776,"column":28},"end":{"line":776,"column":53}},"493":{"start":{"line":777,"column":25},"end":{"line":779,"column":25}},"494":{"start":{"line":778,"column":28},"end":{"line":778,"column":53}},"495":{"start":{"line":782,"column":16},"end":{"line":792,"column":17}},"496":{"start":{"line":783,"column":38},"end":{"line":783,"column":69}},"497":{"start":{"line":784,"column":20},"end":{"line":784,"column":37}},"498":{"start":{"line":785,"column":20},"end":{"line":791,"column":21}},"499":{"start":{"line":785,"column":32},"end":{"line":785,"column":33}},"500":{"start":{"line":786,"column":24},"end":{"line":788,"column":25}},"501":{"start":{"line":787,"column":28},"end":{"line":787,"column":53}},"502":{"start":{"line":788,"column":25},"end":{"line":790,"column":25}},"503":{"start":{"line":789,"column":28},"end":{"line":789,"column":53}},"504":{"start":{"line":793,"column":16},"end":{"line":804,"column":17}},"505":{"start":{"line":794,"column":40},"end":{"line":794,"column":73}},"506":{"start":{"line":796,"column":20},"end":{"line":796,"column":37}},"507":{"start":{"line":797,"column":20},"end":{"line":803,"column":21}},"508":{"start":{"line":797,"column":32},"end":{"line":797,"column":33}},"509":{"start":{"line":798,"column":24},"end":{"line":800,"column":25}},"510":{"start":{"line":799,"column":28},"end":{"line":799,"column":53}},"511":{"start":{"line":800,"column":25},"end":{"line":802,"column":25}},"512":{"start":{"line":801,"column":28},"end":{"line":801,"column":53}},"513":{"start":{"line":805,"column":39},"end":{"line":805,"column":107}},"514":{"start":{"line":805,"column":71},"end":{"line":805,"column":106}},"515":{"start":{"line":806,"column":16},"end":{"line":806,"column":44}},"516":{"start":{"line":807,"column":16},"end":{"line":807,"column":40}},"517":{"start":{"line":809,"column":16},"end":{"line":809,"column":60}},"518":{"start":{"line":814,"column":0},"end":{"line":814,"column":22}}},"fnMap":{"0":{"name":"(anonymous_0)","decl":{"start":{"line":5,"column":4},"end":{"line":5,"column":5}},"loc":{"start":{"line":5,"column":21},"end":{"line":14,"column":5}},"line":5},"1":{"name":"(anonymous_1)","decl":{"start":{"line":17,"column":4},"end":{"line":17,"column":5}},"loc":{"start":{"line":17,"column":20},"end":{"line":27,"column":5}},"line":17},"2":{"name":"(anonymous_2)","decl":{"start":{"line":18,"column":27},"end":{"line":18,"column":28}},"loc":{"start":{"line":18,"column":54},"end":{"line":26,"column":9}},"line":18},"3":{"name":"(anonymous_3)","decl":{"start":{"line":21,"column":48},"end":{"line":21,"column":49}},"loc":{"start":{"line":21,"column":53},"end":{"line":21,"column":65}},"line":21},"4":{"name":"(anonymous_4)","decl":{"start":{"line":31,"column":4},"end":{"line":31,"column":5}},"loc":{"start":{"line":31,"column":32},"end":{"line":42,"column":5}},"line":31},"5":{"name":"(anonymous_5)","decl":{"start":{"line":32,"column":28},"end":{"line":32,"column":29}},"loc":{"start":{"line":32,"column":55},"end":{"line":41,"column":9}},"line":32},"6":{"name":"(anonymous_6)","decl":{"start":{"line":46,"column":4},"end":{"line":46,"column":5}},"loc":{"start":{"line":46,"column":30},"end":{"line":60,"column":5}},"line":46},"7":{"name":"(anonymous_7)","decl":{"start":{"line":47,"column":28},"end":{"line":47,"column":29}},"loc":{"start":{"line":47,"column":55},"end":{"line":59,"column":9}},"line":47},"8":{"name":"(anonymous_8)","decl":{"start":{"line":88,"column":4},"end":{"line":88,"column":5}},"loc":{"start":{"line":88,"column":25},"end":{"line":105,"column":5}},"line":88},"9":{"name":"(anonymous_9)","decl":{"start":{"line":89,"column":28},"end":{"line":89,"column":29}},"loc":{"start":{"line":89,"column":55},"end":{"line":104,"column":9}},"line":89},"10":{"name":"(anonymous_10)","decl":{"start":{"line":110,"column":4},"end":{"line":110,"column":5}},"loc":{"start":{"line":110,"column":27},"end":{"line":120,"column":5}},"line":110},"11":{"name":"(anonymous_11)","decl":{"start":{"line":111,"column":27},"end":{"line":111,"column":28}},"loc":{"start":{"line":111,"column":53},"end":{"line":119,"column":9}},"line":111},"12":{"name":"(anonymous_12)","decl":{"start":{"line":123,"column":4},"end":{"line":123,"column":5}},"loc":{"start":{"line":123,"column":47},"end":{"line":142,"column":5}},"line":123},"13":{"name":"(anonymous_13)","decl":{"start":{"line":124,"column":27},"end":{"line":124,"column":28}},"loc":{"start":{"line":124,"column":54},"end":{"line":141,"column":9}},"line":124},"14":{"name":"(anonymous_14)","decl":{"start":{"line":130,"column":48},"end":{"line":130,"column":49}},"loc":{"start":{"line":130,"column":53},"end":{"line":130,"column":65}},"line":130},"15":{"name":"(anonymous_15)","decl":{"start":{"line":143,"column":4},"end":{"line":143,"column":5}},"loc":{"start":{"line":143,"column":45},"end":{"line":162,"column":5}},"line":143},"16":{"name":"(anonymous_16)","decl":{"start":{"line":144,"column":27},"end":{"line":144,"column":28}},"loc":{"start":{"line":144,"column":54},"end":{"line":161,"column":9}},"line":144},"17":{"name":"(anonymous_17)","decl":{"start":{"line":150,"column":48},"end":{"line":150,"column":49}},"loc":{"start":{"line":150,"column":53},"end":{"line":150,"column":65}},"line":150},"18":{"name":"(anonymous_18)","decl":{"start":{"line":163,"column":4},"end":{"line":163,"column":5}},"loc":{"start":{"line":163,"column":50},"end":{"line":182,"column":5}},"line":163},"19":{"name":"(anonymous_19)","decl":{"start":{"line":164,"column":27},"end":{"line":164,"column":28}},"loc":{"start":{"line":164,"column":54},"end":{"line":181,"column":9}},"line":164},"20":{"name":"(anonymous_20)","decl":{"start":{"line":170,"column":48},"end":{"line":170,"column":49}},"loc":{"start":{"line":170,"column":53},"end":{"line":170,"column":65}},"line":170},"21":{"name":"(anonymous_21)","decl":{"start":{"line":183,"column":4},"end":{"line":183,"column":5}},"loc":{"start":{"line":183,"column":48},"end":{"line":203,"column":5}},"line":183},"22":{"name":"(anonymous_22)","decl":{"start":{"line":184,"column":27},"end":{"line":184,"column":28}},"loc":{"start":{"line":184,"column":54},"end":{"line":202,"column":9}},"line":184},"23":{"name":"(anonymous_23)","decl":{"start":{"line":190,"column":48},"end":{"line":190,"column":49}},"loc":{"start":{"line":190,"column":53},"end":{"line":190,"column":65}},"line":190},"24":{"name":"(anonymous_24)","decl":{"start":{"line":206,"column":4},"end":{"line":206,"column":5}},"loc":{"start":{"line":206,"column":52},"end":{"line":229,"column":5}},"line":206},"25":{"name":"(anonymous_25)","decl":{"start":{"line":207,"column":27},"end":{"line":207,"column":28}},"loc":{"start":{"line":207,"column":54},"end":{"line":228,"column":9}},"line":207},"26":{"name":"(anonymous_26)","decl":{"start":{"line":213,"column":48},"end":{"line":213,"column":49}},"loc":{"start":{"line":213,"column":53},"end":{"line":213,"column":65}},"line":213},"27":{"name":"(anonymous_27)","decl":{"start":{"line":230,"column":4},"end":{"line":230,"column":5}},"loc":{"start":{"line":230,"column":57},"end":{"line":253,"column":5}},"line":230},"28":{"name":"(anonymous_28)","decl":{"start":{"line":231,"column":27},"end":{"line":231,"column":28}},"loc":{"start":{"line":231,"column":54},"end":{"line":252,"column":9}},"line":231},"29":{"name":"(anonymous_29)","decl":{"start":{"line":237,"column":48},"end":{"line":237,"column":49}},"loc":{"start":{"line":237,"column":53},"end":{"line":237,"column":65}},"line":237},"30":{"name":"(anonymous_30)","decl":{"start":{"line":256,"column":4},"end":{"line":256,"column":5}},"loc":{"start":{"line":256,"column":50},"end":{"line":279,"column":5}},"line":256},"31":{"name":"(anonymous_31)","decl":{"start":{"line":257,"column":27},"end":{"line":257,"column":28}},"loc":{"start":{"line":257,"column":54},"end":{"line":278,"column":9}},"line":257},"32":{"name":"(anonymous_32)","decl":{"start":{"line":263,"column":48},"end":{"line":263,"column":49}},"loc":{"start":{"line":263,"column":53},"end":{"line":263,"column":65}},"line":263},"33":{"name":"(anonymous_33)","decl":{"start":{"line":282,"column":4},"end":{"line":282,"column":5}},"loc":{"start":{"line":282,"column":55},"end":{"line":305,"column":5}},"line":282},"34":{"name":"(anonymous_34)","decl":{"start":{"line":283,"column":23},"end":{"line":283,"column":24}},"loc":{"start":{"line":283,"column":50},"end":{"line":304,"column":5}},"line":283},"35":{"name":"(anonymous_35)","decl":{"start":{"line":289,"column":44},"end":{"line":289,"column":45}},"loc":{"start":{"line":289,"column":49},"end":{"line":289,"column":61}},"line":289},"36":{"name":"(anonymous_36)","decl":{"start":{"line":310,"column":4},"end":{"line":310,"column":5}},"loc":{"start":{"line":310,"column":48},"end":{"line":327,"column":5}},"line":310},"37":{"name":"(anonymous_37)","decl":{"start":{"line":311,"column":27},"end":{"line":311,"column":28}},"loc":{"start":{"line":311,"column":54},"end":{"line":326,"column":9}},"line":311},"38":{"name":"(anonymous_38)","decl":{"start":{"line":316,"column":48},"end":{"line":316,"column":49}},"loc":{"start":{"line":316,"column":53},"end":{"line":316,"column":65}},"line":316},"39":{"name":"(anonymous_39)","decl":{"start":{"line":328,"column":4},"end":{"line":328,"column":5}},"loc":{"start":{"line":328,"column":51},"end":{"line":344,"column":5}},"line":328},"40":{"name":"(anonymous_40)","decl":{"start":{"line":329,"column":27},"end":{"line":329,"column":28}},"loc":{"start":{"line":329,"column":54},"end":{"line":343,"column":9}},"line":329},"41":{"name":"(anonymous_41)","decl":{"start":{"line":334,"column":48},"end":{"line":334,"column":49}},"loc":{"start":{"line":334,"column":53},"end":{"line":334,"column":65}},"line":334},"42":{"name":"(anonymous_42)","decl":{"start":{"line":345,"column":4},"end":{"line":345,"column":5}},"loc":{"start":{"line":345,"column":48},"end":{"line":361,"column":5}},"line":345},"43":{"name":"(anonymous_43)","decl":{"start":{"line":346,"column":27},"end":{"line":346,"column":28}},"loc":{"start":{"line":346,"column":54},"end":{"line":360,"column":9}},"line":346},"44":{"name":"(anonymous_44)","decl":{"start":{"line":351,"column":48},"end":{"line":351,"column":49}},"loc":{"start":{"line":351,"column":53},"end":{"line":351,"column":65}},"line":351},"45":{"name":"(anonymous_45)","decl":{"start":{"line":362,"column":4},"end":{"line":362,"column":5}},"loc":{"start":{"line":362,"column":48},"end":{"line":380,"column":5}},"line":362},"46":{"name":"(anonymous_46)","decl":{"start":{"line":363,"column":27},"end":{"line":363,"column":28}},"loc":{"start":{"line":363,"column":54},"end":{"line":379,"column":9}},"line":363},"47":{"name":"(anonymous_47)","decl":{"start":{"line":368,"column":48},"end":{"line":368,"column":49}},"loc":{"start":{"line":368,"column":53},"end":{"line":368,"column":65}},"line":368},"48":{"name":"(anonymous_48)","decl":{"start":{"line":381,"column":4},"end":{"line":381,"column":5}},"loc":{"start":{"line":381,"column":50},"end":{"line":398,"column":5}},"line":381},"49":{"name":"(anonymous_49)","decl":{"start":{"line":382,"column":27},"end":{"line":382,"column":28}},"loc":{"start":{"line":382,"column":54},"end":{"line":397,"column":9}},"line":382},"50":{"name":"(anonymous_50)","decl":{"start":{"line":387,"column":48},"end":{"line":387,"column":49}},"loc":{"start":{"line":387,"column":53},"end":{"line":387,"column":65}},"line":387},"51":{"name":"(anonymous_51)","decl":{"start":{"line":399,"column":4},"end":{"line":399,"column":5}},"loc":{"start":{"line":399,"column":51},"end":{"line":462,"column":5}},"line":399},"52":{"name":"(anonymous_52)","decl":{"start":{"line":400,"column":27},"end":{"line":400,"column":28}},"loc":{"start":{"line":400,"column":54},"end":{"line":461,"column":9}},"line":400},"53":{"name":"(anonymous_53)","decl":{"start":{"line":410,"column":48},"end":{"line":410,"column":49}},"loc":{"start":{"line":410,"column":53},"end":{"line":410,"column":65}},"line":410},"54":{"name":"(anonymous_54)","decl":{"start":{"line":464,"column":4},"end":{"line":464,"column":5}},"loc":{"start":{"line":464,"column":47},"end":{"line":527,"column":5}},"line":464},"55":{"name":"(anonymous_55)","decl":{"start":{"line":465,"column":27},"end":{"line":465,"column":28}},"loc":{"start":{"line":465,"column":54},"end":{"line":526,"column":9}},"line":465},"56":{"name":"(anonymous_56)","decl":{"start":{"line":476,"column":48},"end":{"line":476,"column":49}},"loc":{"start":{"line":476,"column":53},"end":{"line":476,"column":65}},"line":476},"57":{"name":"(anonymous_57)","decl":{"start":{"line":521,"column":67},"end":{"line":521,"column":68}},"loc":{"start":{"line":521,"column":78},"end":{"line":521,"column":117}},"line":521},"58":{"name":"(anonymous_58)","decl":{"start":{"line":528,"column":4},"end":{"line":528,"column":5}},"loc":{"start":{"line":528,"column":46},"end":{"line":543,"column":5}},"line":528},"59":{"name":"(anonymous_59)","decl":{"start":{"line":529,"column":27},"end":{"line":529,"column":28}},"loc":{"start":{"line":529,"column":54},"end":{"line":542,"column":9}},"line":529},"60":{"name":"(anonymous_60)","decl":{"start":{"line":534,"column":48},"end":{"line":534,"column":49}},"loc":{"start":{"line":534,"column":53},"end":{"line":534,"column":65}},"line":534},"61":{"name":"(anonymous_61)","decl":{"start":{"line":544,"column":4},"end":{"line":544,"column":5}},"loc":{"start":{"line":544,"column":45},"end":{"line":559,"column":5}},"line":544},"62":{"name":"(anonymous_62)","decl":{"start":{"line":545,"column":27},"end":{"line":545,"column":28}},"loc":{"start":{"line":545,"column":54},"end":{"line":558,"column":9}},"line":545},"63":{"name":"(anonymous_63)","decl":{"start":{"line":550,"column":48},"end":{"line":550,"column":49}},"loc":{"start":{"line":550,"column":53},"end":{"line":550,"column":65}},"line":550},"64":{"name":"(anonymous_64)","decl":{"start":{"line":560,"column":4},"end":{"line":560,"column":5}},"loc":{"start":{"line":560,"column":43},"end":{"line":575,"column":5}},"line":560},"65":{"name":"(anonymous_65)","decl":{"start":{"line":561,"column":27},"end":{"line":561,"column":28}},"loc":{"start":{"line":561,"column":54},"end":{"line":574,"column":9}},"line":561},"66":{"name":"(anonymous_66)","decl":{"start":{"line":566,"column":48},"end":{"line":566,"column":49}},"loc":{"start":{"line":566,"column":53},"end":{"line":566,"column":65}},"line":566},"67":{"name":"(anonymous_67)","decl":{"start":{"line":576,"column":4},"end":{"line":576,"column":5}},"loc":{"start":{"line":576,"column":43},"end":{"line":591,"column":5}},"line":576},"68":{"name":"(anonymous_68)","decl":{"start":{"line":577,"column":27},"end":{"line":577,"column":28}},"loc":{"start":{"line":577,"column":54},"end":{"line":590,"column":9}},"line":577},"69":{"name":"(anonymous_69)","decl":{"start":{"line":582,"column":48},"end":{"line":582,"column":49}},"loc":{"start":{"line":582,"column":53},"end":{"line":582,"column":65}},"line":582},"70":{"name":"(anonymous_70)","decl":{"start":{"line":592,"column":4},"end":{"line":592,"column":5}},"loc":{"start":{"line":592,"column":43},"end":{"line":607,"column":5}},"line":592},"71":{"name":"(anonymous_71)","decl":{"start":{"line":593,"column":27},"end":{"line":593,"column":28}},"loc":{"start":{"line":593,"column":54},"end":{"line":606,"column":9}},"line":593},"72":{"name":"(anonymous_72)","decl":{"start":{"line":598,"column":48},"end":{"line":598,"column":49}},"loc":{"start":{"line":598,"column":53},"end":{"line":598,"column":65}},"line":598},"73":{"name":"(anonymous_73)","decl":{"start":{"line":609,"column":4},"end":{"line":609,"column":5}},"loc":{"start":{"line":609,"column":51},"end":{"line":631,"column":5}},"line":609},"74":{"name":"(anonymous_74)","decl":{"start":{"line":610,"column":27},"end":{"line":610,"column":28}},"loc":{"start":{"line":610,"column":54},"end":{"line":630,"column":9}},"line":610},"75":{"name":"(anonymous_75)","decl":{"start":{"line":615,"column":48},"end":{"line":615,"column":49}},"loc":{"start":{"line":615,"column":53},"end":{"line":615,"column":65}},"line":615},"76":{"name":"(anonymous_76)","decl":{"start":{"line":632,"column":4},"end":{"line":632,"column":5}},"loc":{"start":{"line":632,"column":51},"end":{"line":655,"column":5}},"line":632},"77":{"name":"(anonymous_77)","decl":{"start":{"line":633,"column":27},"end":{"line":633,"column":28}},"loc":{"start":{"line":633,"column":54},"end":{"line":654,"column":9}},"line":633},"78":{"name":"(anonymous_78)","decl":{"start":{"line":638,"column":48},"end":{"line":638,"column":49}},"loc":{"start":{"line":638,"column":53},"end":{"line":638,"column":65}},"line":638},"79":{"name":"(anonymous_79)","decl":{"start":{"line":656,"column":4},"end":{"line":656,"column":5}},"loc":{"start":{"line":656,"column":54},"end":{"line":679,"column":5}},"line":656},"80":{"name":"(anonymous_80)","decl":{"start":{"line":657,"column":27},"end":{"line":657,"column":28}},"loc":{"start":{"line":657,"column":54},"end":{"line":678,"column":9}},"line":657},"81":{"name":"(anonymous_81)","decl":{"start":{"line":662,"column":48},"end":{"line":662,"column":49}},"loc":{"start":{"line":662,"column":53},"end":{"line":662,"column":65}},"line":662},"82":{"name":"(anonymous_82)","decl":{"start":{"line":680,"column":4},"end":{"line":680,"column":5}},"loc":{"start":{"line":680,"column":51},"end":{"line":705,"column":5}},"line":680},"83":{"name":"(anonymous_83)","decl":{"start":{"line":681,"column":27},"end":{"line":681,"column":28}},"loc":{"start":{"line":681,"column":54},"end":{"line":704,"column":9}},"line":681},"84":{"name":"(anonymous_84)","decl":{"start":{"line":686,"column":48},"end":{"line":686,"column":49}},"loc":{"start":{"line":686,"column":53},"end":{"line":686,"column":65}},"line":686},"85":{"name":"(anonymous_85)","decl":{"start":{"line":706,"column":4},"end":{"line":706,"column":5}},"loc":{"start":{"line":706,"column":53},"end":{"line":731,"column":5}},"line":706},"86":{"name":"(anonymous_86)","decl":{"start":{"line":707,"column":27},"end":{"line":707,"column":28}},"loc":{"start":{"line":707,"column":54},"end":{"line":730,"column":9}},"line":707},"87":{"name":"(anonymous_87)","decl":{"start":{"line":712,"column":48},"end":{"line":712,"column":49}},"loc":{"start":{"line":712,"column":53},"end":{"line":712,"column":65}},"line":712},"88":{"name":"(anonymous_88)","decl":{"start":{"line":732,"column":4},"end":{"line":732,"column":5}},"loc":{"start":{"line":732,"column":49},"end":{"line":812,"column":5}},"line":732},"89":{"name":"(anonymous_89)","decl":{"start":{"line":733,"column":27},"end":{"line":733,"column":28}},"loc":{"start":{"line":733,"column":54},"end":{"line":811,"column":9}},"line":733},"90":{"name":"(anonymous_90)","decl":{"start":{"line":749,"column":48},"end":{"line":749,"column":49}},"loc":{"start":{"line":749,"column":53},"end":{"line":749,"column":65}},"line":749},"91":{"name":"(anonymous_91)","decl":{"start":{"line":805,"column":60},"end":{"line":805,"column":61}},"loc":{"start":{"line":805,"column":71},"end":{"line":805,"column":106}},"line":805}},"branchMap":{"0":{"loc":{"start":{"line":319,"column":20},"end":{"line":319,"column":67}},"type":"if","locations":[{"start":{"line":319,"column":20},"end":{"line":319,"column":67}},{"start":{},"end":{}}],"line":319},"1":{"loc":{"start":{"line":336,"column":20},"end":{"line":336,"column":70}},"type":"if","locations":[{"start":{"line":336,"column":20},"end":{"line":336,"column":70}},{"start":{},"end":{}}],"line":336},"2":{"loc":{"start":{"line":353,"column":20},"end":{"line":353,"column":62}},"type":"if","locations":[{"start":{"line":353,"column":20},"end":{"line":353,"column":62}},{"start":{},"end":{}}],"line":353},"3":{"loc":{"start":{"line":372,"column":20},"end":{"line":372,"column":83}},"type":"if","locations":[{"start":{"line":372,"column":20},"end":{"line":372,"column":83}},{"start":{},"end":{}}],"line":372},"4":{"loc":{"start":{"line":390,"column":20},"end":{"line":390,"column":87}},"type":"if","locations":[{"start":{"line":390,"column":20},"end":{"line":390,"column":87}},{"start":{},"end":{}}],"line":390},"5":{"loc":{"start":{"line":412,"column":16},"end":{"line":419,"column":17}},"type":"if","locations":[{"start":{"line":412,"column":16},"end":{"line":419,"column":17}},{"start":{},"end":{}}],"line":412},"6":{"loc":{"start":{"line":415,"column":24},"end":{"line":415,"column":71}},"type":"if","locations":[{"start":{"line":415,"column":24},"end":{"line":415,"column":71}},{"start":{},"end":{}}],"line":415},"7":{"loc":{"start":{"line":420,"column":16},"end":{"line":427,"column":17}},"type":"if","locations":[{"start":{"line":420,"column":16},"end":{"line":427,"column":17}},{"start":{},"end":{}}],"line":420},"8":{"loc":{"start":{"line":423,"column":24},"end":{"line":423,"column":74}},"type":"if","locations":[{"start":{"line":423,"column":24},"end":{"line":423,"column":74}},{"start":{},"end":{}}],"line":423},"9":{"loc":{"start":{"line":428,"column":16},"end":{"line":435,"column":17}},"type":"if","locations":[{"start":{"line":428,"column":16},"end":{"line":435,"column":17}},{"start":{},"end":{}}],"line":428},"10":{"loc":{"start":{"line":4
[...]
":25}},"type":"if","locations":[{"start":{"line":786,"column":24},"end":{"line":788,"column":25}},{"start":{},"end":{}}],"line":786},"48":{"loc":{"start":{"line":786,"column":27},"end":{"line":786,"column":92}},"type":"binary-expr","locations":[{"start":{"line":786,"column":27},"end":{"line":786,"column":54}},{"start":{"line":786,"column":58},"end":{"line":786,"column":92}}],"line":786},"49":{"loc":{"start":{"line":788,"column":25},"end":{"line":790,"column":25}},"type":"if","locations":[{"start":{"line":788,"column":25},"end":{"line":790,"column":25}},{"start":{},"end":{}}],"line":788},"50":{"loc":{"start":{"line":793,"column":16},"end":{"line":804,"column":17}},"type":"if","locations":[{"start":{"line":793,"column":16},"end":{"line":804,"column":17}},{"start":{},"end":{}}],"line":793},"51":{"loc":{"start":{"line":798,"column":24},"end":{"line":800,"column":25}},"type":"if","locations":[{"start":{"line":798,"column":24},"end":{"line":800,"column":25}},{"start":{},"end":{}}],"line":798},"52":{"loc":{"start":{"line":800,"column":25},"end":{"line":802,"column":25}},"type":"if","locations":[{"start":{"line":800,"column":25},"end":{"line":802,"column":25}},{"start":{},"end":{}}],"line":800},"53":{"loc":{"start":{"line":800,"column":28},"end":{"line":800,"column":99}},"type":"binary-expr","locations":[{"start":{"line":800,"column":28},"end":{"line":800,"column":57}},{"start":{"line":800,"column":61},"end":{"line":800,"column":99}}],"line":800}},"s":{"0":6,"1":6,"2":6,"3":2,"4":2,"5":2,"6":2,"7":2,"8":2,"9":2,"10":2,"11":1,"12":1,"13":1,"14":1,"15":0,"16":0,"17":1,"18":1,"19":1,"20":1,"21":1,"22":0,"23":1,"24":1,"25":1,"26":1,"27":1,"28":0,"29":0,"30":0,"31":0,"32":0,"33":1,"34":1,"35":0,"36":0,"37":0,"38":0,"39":0,"40":0,"41":0,"42":0,"43":0,"44":0,"45":0,"46":0,"47":0,"48":0,"49":0,"50":0,"51":0,"52":0,"53":0,"54":0,"55":0,"56":0,"57":0,"58":0,"59":0,"60":0,"61":0,"62":0,"63":0,"64":0,"65":0,"66":0,"67":0,"68":0,"69":0,"70":0,"71":0,"72":0,"73":0,"74":0,"75":0,"76":0,"77":0,"78":0,"79":0,"80":0,"81":0,"82":0,"83":0,"84":0,"85":0,"86":0,"87":0,"88":0,"89":0,"90":0,"91":0,"92":0,"93":0,"94":0,"95":0,"96":0,"97":0,"98":0,"99":0,"100":0,"101":0,"102":0,"103":0,"104":0,"105":0,"106":0,"107":0,"108":0,"109":0,"110":0,"111":0,"112":0,"113":0,"114":0,"115":0,"116":0,"117":0,"118":0,"119":0,"120":0,"121":0,"122":0,"123":0,"124":0,"125":0,"126":0,"127":0,"128":0,"129":0,"130":0,"131":0,"132":0,"133":0,"134":0,"135":0,"136":0,"137":0,"138":0,"139":0,"140":0,"141":0,"142":0,"143":0,"144":0,"145":0,"146":0,"147":0,"148":0,"149":0,"150":0,"151":0,"152":0,"153":0,"154":0,"155":0,"156":0,"157":0,"158":0,"159":0,"160":0,"161":0,"162":0,"163":0,"164":0,"165":0,"166":0,"167":0,"168":0,"169":0,"170":0,"171":0,"172":0,"173":0,"174":0,"175":0,"176":0,"177":0,"178":0,"179":0,"180":0,"181":0,"182":0,"183":0,"184":0,"185":0,"186":0,"187":0,"188":0,"189":0,"190":0,"191":0,"192":0,"193":0,"194":0,"195":0,"196":0,"197":0,"198":0,"199":0,"200":0,"201":0,"202":0,"203":0,"204":0,"205":0,"206":0,"207":0,"208":0,"209":0,"210":0,"211":0,"212":0,"213":0,"214":0,"215":0,"216":0,"217":0,"218":0,"219":0,"220":0,"221":0,"222":0,"223":0,"224":0,"225":0,"226":0,"227":0,"228":0,"229":0,"230":0,"231":0,"232":0,"233":0,"234":0,"235":0,"236":0,"237":0,"238":0,"239":0,"240":0,"241":0,"242":0,"243":0,"244":0,"245":0,"246":0,"247":0,"248":0,"249":0,"250":0,"251":0,"252":0,"253":0,"254":0,"255":0,"256":0,"257":0,"258":0,"259":0,"260":0,"261":0,"262":0,"263":0,"264":0,"265":0,"266":0,"267":0,"268":0,"269":0,"270":0,"271":0,"272":0,"273":0,"274":0,"275":0,"276":0,"277":0,"278":0,"279":0,"280":0,"281":0,"282":0,"283":0,"284":0,"285":0,"286":0,"287":0,"288":0,"289":0,"290":0,"291":0,"292":0,"293":0,"294":0,"295":0,"296":0,"297":0,"298":0,"299":0,"300":0,"301":0,"302":0,"303":0,"304":0,"305":0,"306":0,"307":0,"308":0,"309":0,"310":0,"311":0,"312":0,"313":0,"314":0,"315":0,"316":0,"317":0,"318":0,"319":0,"320":0,"321":0,"322":0,"323":0,"324":0,"325":0,"326":0,"327":0,"328":0,"329":0,"330":0,"331":0,"332":0,"333":0,"334":0,"335":0,"336":0,"337":0,"338":0,"339":0,"340":0,"341":0,"342":0,"343":0,"344":0,"345":0,"346":0,"347":0,"348":0,"349":0,"350":0,"351":0,"352":0,"353":0,"354":0,"355":0,"356":0,"357":0,"358":0,"359":0,"360":0,"361":0,"362":0,"363":0,"364":0,"365":0,"366":0,"367":0,"368":0,"369":0,"370":0,"371":0,"372":0,"373":0,"374":0,"375":0,"376":0,"377":0,"378":0,"379":0,"380":0,"381":0,"382":0,"383":0,"384":0,"385":0,"386":0,"387":0,"388":0,"389":0,"390":0,"391":0,"392":0,"393":0,"394":0,"395":0,"396":0,"397":0,"398":0,"399":0,"400":0,"401":0,"402":0,"403":0,"404":0,"405":0,"406":0,"407":0,"408":0,"409":0,"410":0,"411":0,"412":0,"413":0,"414":0,"415":0,"416":0,"417":0,"418":0,"419":0,"420":0,"421":0,"422":0,"423":0,"424":0,"425":0,"426":0,"427":0,"428":0,"429":0,"430":0,"431":0,"432":0,"433":0,"434":0,"435":0,"436":0,"437":0,"438":0,"439":0,"440":0,"441":0,"442":0,"443":0,"444":0,"445":0,"446":0,"447":0,"448":0,"449":0,"450":0,"451":0,"452":0,"453":0,"454":0,"455":0,"456":0,"457":0,"458":0,"459":0,"460":0,"461":0,"462":0,"463":0,"464":0,"465":0,"466":0,"467":0,"468":0,"469":0,"470":0,"471":0,"472":0,"473":0,"474":0,"475":0,"476":0,"477":0,"478":0,"479":0,"480":0,"481":0,"482":0,"483":0,"484":0,"485":0,"486":0,"487":0,"488":0,"489":0,"490":0,"491":0,"492":0,"493":0,"494":0,"495":0,"496":0,"497":0,"498":0,"499":0,"500":0,"501":0,"502":0,"503":0,"504":0,"505":0,"506":0,"507":0,"508":0,"509":0,"510":0,"511":0,"512":0,"513":0,"514":0,"515":0,"516":0,"517":0,"518":6},"f":{"0":2,"1":1,"2":1,"3":0,"4":1,"5":1,"6":1,"7":1,"8":0,"9":0,"10":0,"11":0,"12":0,"13":0,"14":0,"15":0,"16":0,"17":0,"18":0,"19":0,"20":0,"21":0,"22":0,"23":0,"24":0,"25":0,"26":0,"27":0,"28":0,"29":0,"30":0,"31":0,"32":0,"33":0,"34":0,"35":0,"36":0,"37":0,"38":0,"39":0,"40":0,"41":0,"42":0,"43":0,"44":0,"45":0,"46":0,"47":0,"48":0,"49":0,"50":0,"51":0,"52":0,"53":0,"54":0,"55":0,"56":0,"57":0,"58":0,"59":0,"60":0,"61":0,"62":0,"63":0,"64":0,"65":0,"66":0,"67":0,"68":0,"69":0,"70":0,"71":0,"72":0,"73":0,"74":0,"75":0,"76":0,"77":0,"78":0,"79":0,"80":0,"81":0,"82":0,"83":0,"84":0,"85":0,"86":0,"87":0,"88":0,"89":0,"90":0,"91":0},"b":{"0":[0,0],"1":[0,0],"2":[0,0],"3":[0,0],"4":[0,0],"5":[0,0],"6":[0,0],"7":[0,0],"8":[0,0],"9":[0,0],"10":[0,0],"11":[0,0],"12":[0,0],"13":[0,0],"14":[0,0],"15":[0,0],"16":[0,0],"17":[0,0],"18":[0,0],"19":[0,0],"20":[0,0],"21":[0,0],"22":[0,0],"23":[0,0],"24":[0,0],"25":[0,0],"26":[0,0],"27":[0,0],"28":[0,0],"29":[0,0],"30":[0,0],"31":[0,0],"32":[0,0],"33":[0,0],"34":[0,0],"35":[0,0],"36":[0,0],"37":[0,0],"38":[0,0],"39":[0,0],"40":[0,0],"41":[0,0],"42":[0,0],"43":[0,0],"44":[0,0],"45":[0,0],"46":[0,0],"47":[0,0],"48":[0,0],"49":[0,0],"50":[0,0],"51":[0,0],"52":[0,0],"53":[0,0]},"_coverageSchema":"1a1c01bbd47fc00a2c39e90264f33305004495a9","hash":"8d18fa795757deee8e70fdbd6466e7cd3ba0bdfc"}
,"/code/models/track.js": {"path":"/code/models/track.js","statementMap":{"0":{"start":{"line":1,"column":11},"end":{"line":1,"column":33}},"1":{"start":{"line":2,"column":13},"end":{"line":2,"column":30}},"2":{"start":{"line":3,"column":14},"end":{"line":3,"column":32}},"3":{"start":{"line":7,"column":8},"end":{"line":7,"column":25}},"4":{"start":{"line":8,"column":8},"end":{"line":8,"column":35}},"5":{"start":{"line":9,"column":8},"end":{"line":9,"column":37}},"6":{"start":{"line":10,"column":8},"end":{"line":10,"column":41}},"7":{"start":{"line":11,"column":8},"end":{"line":11,"column":43}},"8":{"start":{"line":12,"column":8},"end":{"line":12,"column":47}},"9":{"start":{"line":13,"column":8},"end":{"line":13,"column":47}},"10":{"start":{"line":14,"column":8},"end":{"line":14,"column":37}},"11":{"start":{"line":15,"column":8},"end":{"line":15,"column":41}},"12":{"start":{"line":16,"column":8},"end":{"line":16,"column":41}},"13":{"start":{"line":17,"column":8},"end":{"line":17,"column":45}},"14":{"start":{"line":18,"column":8},"end":{"line":18,"column":37}},"15":{"start":{"line":19,"column":8},"end":{"line":19,"column":41}},"16":{"start":{"line":20,"column":8},"end":{"line":20,"column":53}},"17":{"start":{"line":21,"column":8},"end":{"line":21,"column":49}},"18":{"start":{"line":25,"column":8},"end":{"line":33,"column":10}},"19":{"start":{"line":26,"column":12},"end":{"line":32,"column":13}},"20":{"start":{"line":27,"column":31},"end":{"line":27,"column":72}},"21":{"start":{"line":28,"column":34},"end":{"line":28,"column":71}},"22":{"start":{"line":28,"column":55},"end":{"line":28,"column":70}},"23":{"start":{"line":29,"column":16},"end":{"line":29,"column":34}},"24":{"start":{"line":31,"column":16},"end":{"line":31,"column":60}},"25":{"start":{"line":36,"column":8},"end":{"line":44,"column":11}},"26":{"start":{"line":37,"column":12},"end":{"line":43,"column":13}},"27":{"start":{"line":38,"column":27},"end":{"line":38,"column":62}},"28":{"start":{"line":39,"column":29},"end":{"line":39,"column":102}},"29":{"start":{"line":40,"column":16},"end":{"line":40,"column":41}},"30":{"start":{"line":42,"column":16},"end":{"line":42,"column":41}},"31":{"start":{"line":47,"column":8},"end":{"line":55,"column":11}},"32":{"start":{"line":48,"column":12},"end":{"line":54,"column":13}},"33":{"start":{"line":49,"column":27},"end":{"line":49,"column":55}},"34":{"start":{"line":50,"column":29},"end":{"line":50,"column":102}},"35":{"start":{"line":51,"column":16},"end":{"line":51,"column":41}},"36":{"start":{"line":53,"column":16},"end":{"line":53,"column":41}},"37":{"start":{"line":62,"column":8},"end":{"line":70,"column":11}},"38":{"start":{"line":63,"column":12},"end":{"line":69,"column":13}},"39":{"start":{"line":64,"column":27},"end":{"line":64,"column":62}},"40":{"start":{"line":65,"column":29},"end":{"line":65,"column":540}},"41":{"start":{"line":66,"column":16},"end":{"line":66,"column":41}},"42":{"start":{"line":68,"column":16},"end":{"line":68,"column":56}},"43":{"start":{"line":73,"column":8},"end":{"line":81,"column":11}},"44":{"start":{"line":74,"column":12},"end":{"line":80,"column":13}},"45":{"start":{"line":75,"column":27},"end":{"line":75,"column":62}},"46":{"start":{"line":76,"column":29},"end":{"line":76,"column":488}},"47":{"start":{"line":77,"column":16},"end":{"line":77,"column":41}},"48":{"start":{"line":79,"column":16},"end":{"line":79,"column":56}},"49":{"start":{"line":85,"column":8},"end":{"line":93,"column":10}},"50":{"start":{"line":86,"column":12},"end":{"line":92,"column":13}},"51":{"start":{"line":87,"column":27},"end":{"line":87,"column":62}},"52":{"start":{"line":88,"column":31},"end":{"line":88,"column":209}},"53":{"start":{"line":89,"column":16},"end":{"line":89,"column":41}},"54":{"start":{"line":91,"column":16},"end":{"line":91,"column":60}},"55":{"start":{"line":96,"column":0},"end":{"line":96,"column":25}}},"fnMap":{"0":{"name":"(anonymous_0)","decl":{"start":{"line":6,"column":4},"end":{"line":6,"column":5}},"loc":{"start":{"line":6,"column":21},"end":{"line":22,"column":5}},"line":6},"1":{"name":"(anonymous_1)","decl":{"start":{"line":24,"column":4},"end":{"line":24,"column":5}},"loc":{"start":{"line":24,"column":20},"end":{"line":34,"column":5}},"line":24},"2":{"name":"(anonymous_2)","decl":{"start":{"line":25,"column":27},"end":{"line":25,"column":28}},"loc":{"start":{"line":25,"column":54},"end":{"line":33,"column":9}},"line":25},"3":{"name":"(anonymous_3)","decl":{"start":{"line":28,"column":50},"end":{"line":28,"column":51}},"loc":{"start":{"line":28,"column":55},"end":{"line":28,"column":70}},"line":28},"4":{"name":"(anonymous_4)","decl":{"start":{"line":35,"column":4},"end":{"line":35,"column":5}},"loc":{"start":{"line":35,"column":43},"end":{"line":45,"column":5}},"line":35},"5":{"name":"(anonymous_5)","decl":{"start":{"line":36,"column":28},"end":{"line":36,"column":29}},"loc":{"start":{"line":36,"column":55},"end":{"line":44,"column":9}},"line":36},"6":{"name":"(anonymous_6)","decl":{"start":{"line":46,"column":4},"end":{"line":46,"column":5}},"loc":{"start":{"line":46,"column":40},"end":{"line":56,"column":5}},"line":46},"7":{"name":"(anonymous_7)","decl":{"start":{"line":47,"column":28},"end":{"line":47,"column":29}},"loc":{"start":{"line":47,"column":55},"end":{"line":55,"column":9}},"line":47},"8":{"name":"(anonymous_8)","decl":{"start":{"line":61,"column":4},"end":{"line":61,"column":5}},"loc":{"start":{"line":61,"column":222},"end":{"line":71,"column":5}},"line":61},"9":{"name":"(anonymous_9)","decl":{"start":{"line":62,"column":28},"end":{"line":62,"column":29}},"loc":{"start":{"line":62,"column":55},"end":{"line":70,"column":9}},"line":62},"10":{"name":"(anonymous_10)","decl":{"start":{"line":72,"column":4},"end":{"line":72,"column":5}},"loc":{"start":{"line":72,"column":192},"end":{"line":82,"column":5}},"line":72},"11":{"name":"(anonymous_11)","decl":{"start":{"line":73,"column":28},"end":{"line":73,"column":29}},"loc":{"start":{"line":73,"column":55},"end":{"line":81,"column":9}},"line":73},"12":{"name":"(anonymous_12)","decl":{"start":{"line":84,"column":4},"end":{"line":84,"column":5}},"loc":{"start":{"line":84,"column":49},"end":{"line":94,"column":5}},"line":84},"13":{"name":"(anonymous_13)","decl":{"start":{"line":85,"column":27},"end":{"line":85,"column":28}},"loc":{"start":{"line":85,"column":54},"end":{"line":93,"column":9}},"line":85}},"branchMap":{},"s":{"0":6,"1":6,"2":6,"3":0,"4":0,"5":0,"6":0,"7":0,"8":0,"9":0,"10":0,"11":0,"12":0,"13":0,"14":0,"15":0,"16":0,"17":0,"18":1,"19":1,"20":1,"21":1,"22":0,"23":0,"24":1,"25":1,"26":1,"27":1,"28":1,"29":0,"30":1,"31":1,"32":1,"33":1,"34":1,"35":0,"36":1,"37":0,"38":0,"39":0,"40":0,"41":0,"42":0,"43":0,"44":0,"45":0,"46":0,"47":0,"48":0,"49":0,"50":0,"51":0,"52":0,"53":0,"54":0,"55":6},"f":{"0":0,"1":1,"2":1,"3":0,"4":1,"5":1,"6":1,"7":1,"8":0,"9":0,"10":0,"11":0,"12":0,"13":0},"b":{},"_coverageSchema":"1a1c01bbd47fc00a2c39e90264f33305004495a9","hash":"dc8d4f68769d5141fb89b39728c73d18f0afd58c"}
,"/code/models/user.js": {"path":"/code/models/user.js","statementMap":{"0":{"start":{"line":1,"column":11},"end":{"line":1,"column":33}},"1":{"start":{"line":5,"column":8},"end":{"line":5,"column":25}},"2":{"start":{"line":6,"column":8},"end":{"line":6,"column":37}},"3":{"start":{"line":7,"column":8},"end":{"line":7,"column":31}},"4":{"start":{"line":8,"column":8},"end":{"line":8,"column":50}},"5":{"start":{"line":12,"column":8},"end":{"line":20,"column":10}},"6":{"start":{"line":13,"column":12},"end":{"line":19,"column":13}},"7":{"start":{"line":14,"column":31},"end":{"line":14,"column":69}},"8":{"start":{"line":15,"column":30},"end":{"line":15,"column":63}},"9":{"start":{"line":15,"column":51},"end":{"line":15,"column":62}},"10":{"start":{"line":16,"column":16},"end":{"line":16,"column":30}},"11":{"start":{"line":18,"column":16},"end":{"line":18,"column":56}},"12":{"start":{"line":24,"column":8},"end":{"line":32,"column":10}},"13":{"start":{"line":25,"column":12},"end":{"line":31,"column":13}},"14":{"start":{"line":26,"column":34},"end":{"line":26,"column":98}},"15":{"start":{"line":27,"column":27},"end":{"line":27,"column":56}},"16":{"start":{"line":28,"column":16},"end":{"line":28,"column":25}},"17":{"start":{"line":30,"column":16},"end":{"line":30,"column":49}},"18":{"start":{"line":36,"column":8},"end":{"line":45,"column":10}},"19":{"start":{"line":37,"column":12},"end":{"line":44,"column":13}},"20":{"start":{"line":38,"column":16},"end":{"line":38,"column":37}},"21":{"start":{"line":39,"column":31},"end":{"line":39,"column":165}},"22":{"start":{"line":40,"column":29},"end":{"line":40,"column":53}},"23":{"start":{"line":41,"column":16},"end":{"line":41,"column":29}},"24":{"start":{"line":43,"column":16},"end":{"line":43,"column":53}},"25":{"start":{"line":48,"column":8},"end":{"line":56,"column":11}},"26":{"start":{"line":49,"column":12},"end":{"line":55,"column":13}},"27":{"start":{"line":50,"column":31},"end":{"line":50,"column":103}},"28":{"start":{"line":51,"column":27},"end":{"line":51,"column":53}},"29":{"start":{"line":52,"column":16},"end":{"line":52,"column":30}},"30":{"start":{"line":54,"column":16},"end":{"line":54,"column":41}},"31":{"start":{"line":59,"column":8},"end":{"line":67,"column":11}},"32":{"start":{"line":60,"column":12},"end":{"line":66,"column":13}},"33":{"start":{"line":61,"column":31},"end":{"line":61,"column":91}},"34":{"start":{"line":62,"column":27},"end":{"line":62,"column":53}},"35":{"start":{"line":63,"column":16},"end":{"line":63,"column":30}},"36":{"start":{"line":65,"column":16},"end":{"line":65,"column":41}},"37":{"start":{"line":70,"column":8},"end":{"line":78,"column":10}},"38":{"start":{"line":71,"column":12},"end":{"line":77,"column":13}},"39":{"start":{"line":72,"column":29},"end":{"line":72,"column":102}},"40":{"start":{"line":73,"column":27},"end":{"line":73,"column":51}},"41":{"start":{"line":74,"column":16},"end":{"line":74,"column":25}},"42":{"start":{"line":76,"column":16},"end":{"line":76,"column":52}},"43":{"start":{"line":83,"column":0},"end":{"line":83,"column":21}}},"fnMap":{"0":{"name":"(anonymous_0)","decl":{"start":{"line":4,"column":4},"end":{"line":4,"column":5}},"loc":{"start":{"line":4,"column":21},"end":{"line":9,"column":5}},"line":4},"1":{"name":"(anonymous_1)","decl":{"start":{"line":11,"column":4},"end":{"line":11,"column":5}},"loc":{"start":{"line":11,"column":20},"end":{"line":21,"column":5}},"line":11},"2":{"name":"(anonymous_2)","decl":{"start":{"line":12,"column":27},"end":{"line":12,"column":28}},"loc":{"start":{"line":12,"column":54},"end":{"line":20,"column":9}},"line":12},"3":{"name":"(anonymous_3)","decl":{"start":{"line":15,"column":46},"end":{"line":15,"column":47}},"loc":{"start":{"line":15,"column":51},"end":{"line":15,"column":62}},"line":15},"4":{"name":"(anonymous_4)","decl":{"start":{"line":23,"column":4},"end":{"line":23,"column":5}},"loc":{"start":{"line":23,"column":30},"end":{"line":33,"column":5}},"line":23},"5":{"name":"(anonymous_5)","decl":{"start":{"line":24,"column":27},"end":{"line":24,"column":28}},"loc":{"start":{"line":24,"column":47},"end":{"line":32,"column":9}},"line":24},"6":{"name":"(anonymous_6)","decl":{"start":{"line":35,"column":4},"end":{"line":35,"column":5}},"loc":{"start":{"line":35,"column":48},"end":{"line":46,"column":5}},"line":35},"7":{"name":"(anonymous_7)","decl":{"start":{"line":36,"column":27},"end":{"line":36,"column":28}},"loc":{"start":{"line":36,"column":54},"end":{"line":45,"column":9}},"line":36},"8":{"name":"(anonymous_8)","decl":{"start":{"line":47,"column":4},"end":{"line":47,"column":5}},"loc":{"start":{"line":47,"column":35},"end":{"line":57,"column":5}},"line":47},"9":{"name":"(anonymous_9)","decl":{"start":{"line":48,"column":28},"end":{"line":48,"column":29}},"loc":{"start":{"line":48,"column":55},"end":{"line":56,"column":9}},"line":48},"10":{"name":"(anonymous_10)","decl":{"start":{"line":58,"column":4},"end":{"line":58,"column":5}},"loc":{"start":{"line":58,"column":23},"end":{"line":68,"column":5}},"line":58},"11":{"name":"(anonymous_11)","decl":{"start":{"line":59,"column":28},"end":{"line":59,"column":29}},"loc":{"start":{"line":59,"column":55},"end":{"line":67,"column":9}},"line":59},"12":{"name":"(anonymous_12)","decl":{"start":{"line":69,"column":4},"end":{"line":69,"column":5}},"loc":{"start":{"line":69,"column":29},"end":{"line":79,"column":5}},"line":69},"13":{"name":"(anonymous_13)","decl":{"start":{"line":70,"column":27},"end":{"line":70,"column":28}},"loc":{"start":{"line":70,"column":47},"end":{"line":78,"column":9}},"line":70}},"branchMap":{},"s":{"0":8,"1":0,"2":0,"3":0,"4":0,"5":1,"6":1,"7":1,"8":1,"9":0,"10":0,"11":1,"12":0,"13":0,"14":0,"15":0,"16":0,"17":0,"18":1,"19":1,"20":1,"21":1,"22":1,"23":0,"24":1,"25":0,"26":0,"27":0,"28":0,"29":0,"30":0,"31":1,"32":1,"33":1,"34":1,"35":0,"36":1,"37":2,"38":2,"39":2,"40":2,"41":0,"42":2,"43":8},"f":{"0":0,"1":1,"2":1,"3":0,"4":0,"5":0,"6":1,"7":1,"8":0,"9":0,"10":1,"11":1,"12":2,"13":2},"b":{},"_coverageSchema":"1a1c01bbd47fc00a2c39e90264f33305004495a9","hash":"d873bc5e9ed4d0bf0fe58867941e2d7ede77393d"}
}
