TN:
SF:dbConfig.js
FNF:0
FNH:0
DA:1,12
DA:3,12
DA:5,12
LF:3
LH:3
BRF:0
BRH:0
end_of_record
TN:
SF:controllers/entries.js
FN:4,getAllEntries
FN:14,autoAddUserEntry
FN:26,getAllHabitsEntries
FN:35,getSmokingEntries
FN:44,getExerciseEntries
FN:53,getWaterEntries
FN:62,getMoneyEntries
FN:71,getSleepEntries
FN:81,getAllCalendarEntries
FN:90,getSleepCalendarEntries
FN:99,getWaterCalendarEntries
FN:108,getSmokingCalendarEntries
FN:117,getExerciseCalendarEntries
FN:126,getMoneyCalendarEntries
FN:136,getEntriesByUserId
FN:146,createNewEntry
FN:156,updateEntryById
FN:165,completeSleep
FN:174,incompleteSleep
FN:183,completeExercise
FN:192,incompleteExercise
FN:203,increaseSmokingNum
FN:213,decreaseSmokingNum
FN:223,increaseWaterNum
FN:233,decreaseWaterNum
FN:243,deleteEntryById
FN:254,getAllHabitsStreak
FN:264,getSleepStreak
FN:274,getExerciseStreak
FN:284,getWaterStreak
FN:294,getSmokingStreak
FN:304,getMoneyStreak
FNF:32
FNH:0
FNDA:0,getAllEntries
FNDA:0,autoAddUserEntry
FNDA:0,getAllHabitsEntries
FNDA:0,getSmokingEntries
FNDA:0,getExerciseEntries
FNDA:0,getWaterEntries
FNDA:0,getMoneyEntries
FNDA:0,getSleepEntries
FNDA:0,getAllCalendarEntries
FNDA:0,getSleepCalendarEntries
FNDA:0,getWaterCalendarEntries
FNDA:0,getSmokingCalendarEntries
FNDA:0,getExerciseCalendarEntries
FNDA:0,getMoneyCalendarEntries
FNDA:0,getEntriesByUserId
FNDA:0,createNewEntry
FNDA:0,updateEntryById
FNDA:0,completeSleep
FNDA:0,incompleteSleep
FNDA:0,completeExercise
FNDA:0,incompleteExercise
FNDA:0,increaseSmokingNum
FNDA:0,decreaseSmokingNum
FNDA:0,increaseWaterNum
FNDA:0,decreaseWaterNum
FNDA:0,deleteEntryById
FNDA:0,getAllHabitsStreak
FNDA:0,getSleepStreak
FNDA:0,getExerciseStreak
FNDA:0,getWaterStreak
FNDA:0,getSmokingStreak
FNDA:0,getMoneyStreak
DA:1,1
DA:5,0
DA:6,0
DA:7,0
DA:9,0
DA:15,0
DA:16,0
DA:17,0
DA:19,0
DA:27,0
DA:28,0
DA:29,0
DA:31,0
DA:36,0
DA:37,0
DA:38,0
DA:40,0
DA:45,0
DA:46,0
DA:47,0
DA:49,0
DA:54,0
DA:55,0
DA:56,0
DA:58,0
DA:63,0
DA:64,0
DA:65,0
DA:67,0
DA:72,0
DA:73,0
DA:74,0
DA:76,0
DA:82,0
DA:83,0
DA:84,0
DA:86,0
DA:91,0
DA:92,0
DA:93,0
DA:95,0
DA:100,0
DA:101,0
DA:102,0
DA:104,0
DA:109,0
DA:110,0
DA:111,0
DA:113,0
DA:118,0
DA:119,0
DA:120,0
DA:122,0
DA:127,0
DA:128,0
DA:129,0
DA:131,0
DA:137,0
DA:138,0
DA:139,0
DA:141,0
DA:147,0
DA:148,0
DA:149,0
DA:151,0
DA:157,0
DA:158,0
DA:159,0
DA:161,0
DA:166,0
DA:167,0
DA:168,0
DA:170,0
DA:175,0
DA:176,0
DA:177,0
DA:179,0
DA:184,0
DA:185,0
DA:186,0
DA:188,0
DA:193,0
DA:194,0
DA:195,0
DA:197,0
DA:204,0
DA:205,0
DA:206,0
DA:208,0
DA:214,0
DA:215,0
DA:216,0
DA:218,0
DA:224,0
DA:225,0
DA:226,0
DA:228,0
DA:234,0
DA:235,0
DA:236,0
DA:238,0
DA:244,0
DA:245,0
DA:246,0
DA:247,0
DA:249,0
DA:255,0
DA:256,0
DA:257,0
DA:259,0
DA:265,0
DA:266,0
DA:267,0
DA:269,0
DA:275,0
DA:276,0
DA:277,0
DA:279,0
DA:285,0
DA:286,0
DA:287,0
DA:289,0
DA:295,0
DA:296,0
DA:297,0
DA:299,0
DA:305,0
DA:306,0
DA:307,0
DA:309,0
DA:313,1
LF:131
LH:2
BRF:0
BRH:0
end_of_record
TN:
SF:controllers/tracks.js
FN:6,getAllTracking
FN:16,getUserTrackingsByUsername
FN:26,getUserTrackingsByUserId
FN:36,updateUSerTrackings
FN:53,getCurrentTrackingDataByUsername
FN:63,getCurrentTrackingDataByUserId
FNF:6
FNH:1
FNDA:1,getAllTracking
FNDA:0,getUserTrackingsByUsername
FNDA:0,getUserTrackingsByUserId
FNDA:0,updateUSerTrackings
FNDA:0,getCurrentTrackingDataByUsername
FNDA:0,getCurrentTrackingDataByUserId
DA:1,1
DA:2,1
DA:7,1
DA:8,1
DA:9,1
DA:11,0
DA:17,0
DA:18,0
DA:19,0
DA:21,0
DA:27,0
DA:28,0
DA:29,0
DA:31,0
DA:37,0
DA:38,0
DA:39,0
DA:40,0
DA:41,0
DA:42,0
DA:43,0
DA:44,0
DA:45,0
DA:48,0
DA:54,0
DA:55,0
DA:56,0
DA:58,0
DA:64,0
DA:65,0
DA:66,0
DA:68,0
DA:73,1
LF:33
LH:6
BRDA:38,0,0,0
BRDA:38,0,1,0
BRDA:40,1,0,0
BRDA:40,1,1,0
BRDA:43,2,0,0
BRDA:43,2,1,0
BRF:6
BRH:0
end_of_record
TN:
SF:controllers/users.js
FN:5,index
FN:16,getByUsername
FN:26,getById
FNF:3
FNH:1
FNDA:1,index
FNDA:0,getByUsername
FNDA:0,getById
DA:1,1
DA:6,1
DA:8,1
DA:9,1
DA:11,0
DA:17,0
DA:18,0
DA:19,0
DA:21,0
DA:27,0
DA:28,0
DA:29,0
DA:31,0
DA:35,1
LF:14
LH:5
BRF:0
BRH:0
end_of_record
TN:
SF:dbConfig/init.js
FNF:0
FNH:0
DA:1,3
DA:3,3
DA:5,3
LF:3
LH:3
BRF:0
BRH:0
end_of_record
TN:
SF:models/entry.js
FN:5,(anonymous_0)
FN:17,(anonymous_1)
FN:18,(anonymous_2)
FN:21,(anonymous_3)
FN:31,(anonymous_4)
FN:32,(anonymous_5)
FN:46,(anonymous_6)
FN:47,(anonymous_7)
FN:88,(anonymous_8)
FN:89,(anonymous_9)
FN:110,(anonymous_10)
FN:111,(anonymous_11)
FN:123,(anonymous_12)
FN:124,(anonymous_13)
FN:130,(anonymous_14)
FN:143,(anonymous_15)
FN:144,(anonymous_16)
FN:150,(anonymous_17)
FN:163,(anonymous_18)
FN:164,(anonymous_19)
FN:170,(anonymous_20)
FN:183,(anonymous_21)
FN:184,(anonymous_22)
FN:190,(anonymous_23)
FN:206,(anonymous_24)
FN:207,(anonymous_25)
FN:213,(anonymous_26)
FN:230,(anonymous_27)
FN:231,(anonymous_28)
FN:237,(anonymous_29)
FN:256,(anonymous_30)
FN:257,(anonymous_31)
FN:263,(anonymous_32)
FN:282,(anonymous_33)
FN:283,(anonymous_34)
FN:289,(anonymous_35)
FN:310,(anonymous_36)
FN:311,(anonymous_37)
FN:316,(anonymous_38)
FN:328,(anonymous_39)
FN:329,(anonymous_40)
FN:334,(anonymous_41)
FN:345,(anonymous_42)
FN:346,(anonymous_43)
FN:351,(anonymous_44)
FN:362,(anonymous_45)
FN:363,(anonymous_46)
FN:368,(anonymous_47)
FN:381,(anonymous_48)
FN:382,(anonymous_49)
FN:387,(anonymous_50)
FN:399,(anonymous_51)
FN:400,(anonymous_52)
FN:410,(anonymous_53)
FN:464,(anonymous_54)
FN:465,(anonymous_55)
FN:476,(anonymous_56)
FN:521,(anonymous_57)
FN:528,(anonymous_58)
FN:529,(anonymous_59)
FN:534,(anonymous_60)
FN:544,(anonymous_61)
FN:545,(anonymous_62)
FN:550,(anonymous_63)
FN:560,(anonymous_64)
FN:561,(anonymous_65)
FN:566,(anonymous_66)
FN:576,(anonymous_67)
FN:577,(anonymous_68)
FN:582,(anonymous_69)
FN:592,(anonymous_70)
FN:593,(anonymous_71)
FN:598,(anonymous_72)
FN:609,(anonymous_73)
FN:610,(anonymous_74)
FN:615,(anonymous_75)
FN:632,(anonymous_76)
FN:633,(anonymous_77)
FN:638,(anonymous_78)
FN:656,(anonymous_79)
FN:657,(anonymous_80)
FN:662,(anonymous_81)
FN:680,(anonymous_82)
FN:681,(anonymous_83)
FN:686,(anonymous_84)
FN:706,(anonymous_85)
FN:707,(anonymous_86)
FN:712,(anonymous_87)
FN:732,(anonymous_88)
FN:733,(anonymous_89)
FN:749,(anonymous_90)
FN:805,(anonymous_91)
FNF:92
FNH:7
FNDA:2,(anonymous_0)
FNDA:1,(anonymous_1)
FNDA:1,(anonymous_2)
FNDA:0,(anonymous_3)
FNDA:1,(anonymous_4)
FNDA:1,(anonymous_5)
FNDA:1,(anonymous_6)
FNDA:1,(anonymous_7)
FNDA:0,(anonymous_8)
FNDA:0,(anonymous_9)
FNDA:0,(anonymous_10)
FNDA:0,(anonymous_11)
FNDA:0,(anonymous_12)
FNDA:0,(anonymous_13)
FNDA:0,(anonymous_14)
FNDA:0,(anonymous_15)
FNDA:0,(anonymous_16)
FNDA:0,(anonymous_17)
FNDA:0,(anonymous_18)
FNDA:0,(anonymous_19)
FNDA:0,(anonymous_20)
FNDA:0,(anonymous_21)
FNDA:0,(anonymous_22)
FNDA:0,(anonymous_23)
FNDA:0,(anonymous_24)
FNDA:0,(anonymous_25)
FNDA:0,(anonymous_26)
FNDA:0,(anonymous_27)
FNDA:0,(anonymous_28)
FNDA:0,(anonymous_29)
FNDA:0,(anonymous_30)
FNDA:0,(anonymous_31)
FNDA:0,(anonymous_32)
FNDA:0,(anonymous_33)
FNDA:0,(anonymous_34)
FNDA:0,(anonymous_35)
FNDA:0,(anonymous_36)
FNDA:0,(anonymous_37)
FNDA:0,(anonymous_38)
FNDA:0,(anonymous_39)
FNDA:0,(anonymous_40)
FNDA:0,(anonymous_41)
FNDA:0,(anonymous_42)
FNDA:0,(anonymous_43)
FNDA:0,(anonymous_44)
FNDA:0,(anonymous_45)
FNDA:0,(anonymous_46)
FNDA:0,(anonymous_47)
FNDA:0,(anonymous_48)
FNDA:0,(anonymous_49)
FNDA:0,(anonymous_50)
FNDA:0,(anonymous_51)
FNDA:0,(anonymous_52)
FNDA:0,(anonymous_53)
FNDA:0,(anonymous_54)
FNDA:0,(anonymous_55)
FNDA:0,(anonymous_56)
FNDA:0,(anonymous_57)
FNDA:0,(anonymous_58)
FNDA:0,(anonymous_59)
FNDA:0,(anonymous_60)
FNDA:0,(anonymous_61)
FNDA:0,(anonymous_62)
FNDA:0,(anonymous_63)
FNDA:0,(anonymous_64)
FNDA:0,(anonymous_65)
FNDA:0,(anonymous_66)
FNDA:0,(anonymous_67)
FNDA:0,(anonymous_68)
FNDA:0,(anonymous_69)
FNDA:0,(anonymous_70)
FNDA:0,(anonymous_71)
FNDA:0,(anonymous_72)
FNDA:0,(anonymous_73)
FNDA:0,(anonymous_74)
FNDA:0,(anonymous_75)
FNDA:0,(anonymous_76)
FNDA:0,(anonymous_77)
FNDA:0,(anonymous_78)
FNDA:0,(anonymous_79)
FNDA:0,(anonymous_80)
FNDA:0,(anonymous_81)
FNDA:0,(anonymous_82)
FNDA:0,(anonymous_83)
FNDA:0,(anonymous_84)
FNDA:0,(anonymous_85)
FNDA:0,(anonymous_86)
FNDA:0,(anonymous_87)
FNDA:0,(anonymous_88)
FNDA:0,(anonymous_89)
FNDA:0,(anonymous_90)
FNDA:0,(anonymous_91)
DA:1,6
DA:2,6
DA:3,6
DA:6,2
DA:7,2
DA:8,2
DA:9,2
DA:10,2
DA:11,2
DA:12,2
DA:13,2
DA:18,1
DA:19,1
DA:20,1
DA:21,1
DA:22,0
DA:24,1
DA:32,1
DA:33,1
DA:34,1
DA:35,1
DA:36,0
DA:38,1
DA:39,1
DA:47,1
DA:48,1
DA:49,1
DA:50,0
DA:51,0
DA:52,0
DA:53,0
DA:54,0
DA:56,1
DA:57,1
DA:89,0
DA:90,0
DA:91,0
DA:93,0
DA:98,0
DA:99,0
DA:101,0
DA:102,0
DA:111,0
DA:112,0
DA:113,0
DA:114,0
DA:116,0
DA:117,0
DA:124,0
DA:125,0
DA:126,0
DA:128,0
DA:130,0
DA:131,0
DA:132,0
DA:137,0
DA:139,0
DA:144,0
DA:145,0
DA:146,0
DA:148,0
DA:150,0
DA:151,0
DA:152,0
DA:157,0
DA:159,0
DA:164,0
DA:165,0
DA:166,0
DA:168,0
DA:170,0
DA:171,0
DA:172,0
DA:177,0
DA:179,0
DA:184,0
DA:185,0
DA:186,0
DA:188,0
DA:190,0
DA:191,0
DA:192,0
DA:197,0
DA:198,0
DA:200,0
DA:207,0
DA:208,0
DA:209,0
DA:211,0
DA:213,0
DA:215,0
DA:216,0
DA:218,0
DA:219,0
DA:224,0
DA:226,0
DA:231,0
DA:232,0
DA:233,0
DA:235,0
DA:237,0
DA:239,0
DA:240,0
DA:242,0
DA:243,0
DA:248,0
DA:250,0
DA:257,0
DA:258,0
DA:259,0
DA:261,0
DA:263,0
DA:265,0
DA:266,0
DA:268,0
DA:269,0
DA:274,0
DA:276,0
DA:283,0
DA:284,0
DA:285,0
DA:287,0
DA:289,0
DA:291,0
DA:292,0
DA:294,0
DA:295,0
DA:300,0
DA:302,0
DA:311,0
DA:312,0
DA:313,0
DA:314,0
DA:315,0
DA:316,0
DA:318,0
DA:319,0
DA:320,0
DA:322,0
DA:324,0
DA:329,0
DA:330,0
DA:331,0
DA:332,0
DA:333,0
DA:334,0
DA:335,0
DA:336,0
DA:337,0
DA:339,0
DA:341,0
DA:346,0
DA:347,0
DA:348,0
DA:349,0
DA:350,0
DA:351,0
DA:352,0
DA:353,0
DA:354,0
DA:356,0
DA:358,0
DA:363,0
DA:364,0
DA:365,0
DA:366,0
DA:367,0
DA:368,0
DA:369,0
DA:370,0
DA:371,0
DA:372,0
DA:373,0
DA:375,0
DA:377,0
DA:382,0
DA:383,0
DA:384,0
DA:385,0
DA:386,0
DA:387,0
DA:388,0
DA:389,0
DA:390,0
DA:391,0
DA:393,0
DA:395,0
DA:400,0
DA:401,0
DA:403,0
DA:405,0
DA:407,0
DA:409,0
DA:410,0
DA:412,0
DA:413,0
DA:414,0
DA:415,0
DA:416,0
DA:418,0
DA:420,0
DA:421,0
DA:422,0
DA:423,0
DA:424,0
DA:426,0
DA:428,0
DA:429,0
DA:430,0
DA:431,0
DA:432,0
DA:434,0
DA:436,0
DA:437,0
DA:438,0
DA:439,0
DA:440,0
DA:441,0
DA:443,0
DA:445,0
DA:446,0
DA:447,0
DA:448,0
DA:449,0
DA:450,0
DA:452,0
DA:455,0
DA:457,0
DA:459,0
DA:465,0
DA:466,0
DA:468,0
DA:469,0
DA:471,0
DA:473,0
DA:475,0
DA:476,0
DA:479,0
DA:480,0
DA:481,0
DA:482,0
DA:483,0
DA:487,0
DA:488,0
DA:489,0
DA:490,0
DA:491,0
DA:495,0
DA:496,0
DA:497,0
DA:498,0
DA:499,0
DA:503,0
DA:504,0
DA:505,0
DA:506,0
DA:507,0
DA:508,0
DA:512,0
DA:513,0
DA:514,0
DA:515,0
DA:516,0
DA:517,0
DA:521,0
DA:522,0
DA:524,0
DA:529,0
DA:530,0
DA:531,0
DA:532,0
DA:533,0
DA:534,0
DA:535,0
DA:536,0
DA:538,0
DA:540,0
DA:545,0
DA:546,0
DA:547,0
DA:548,0
DA:549,0
DA:550,0
DA:551,0
DA:552,0
DA:554,0
DA:556,0
DA:561,0
DA:562,0
DA:563,0
DA:564,0
DA:565,0
DA:566,0
DA:567,0
DA:568,0
DA:570,0
DA:572,0
DA:577,0
DA:578,0
DA:579,0
DA:580,0
DA:581,0
DA:582,0
DA:583,0
DA:584,0
DA:586,0
DA:588,0
DA:593,0
DA:594,0
DA:595,0
DA:596,0
DA:597,0
DA:598,0
DA:599,0
DA:600,0
DA:602,0
DA:604,0
DA:610,0
DA:611,0
DA:612,0
DA:613,0
DA:614,0
DA:615,0
DA:616,0
DA:617,0
DA:618,0
DA:619,0
DA:620,0
DA:622,0
DA:626,0
DA:628,0
DA:633,0
DA:634,0
DA:635,0
DA:636,0
DA:637,0
DA:638,0
DA:639,0
DA:640,0
DA:641,0
DA:642,0
DA:643,0
DA:644,0
DA:645,0
DA:647,0
DA:650,0
DA:652,0
DA:657,0
DA:658,0
DA:659,0
DA:660,0
DA:661,0
DA:662,0
DA:663,0
DA:664,0
DA:665,0
DA:666,0
DA:667,0
DA:668,0
DA:669,0
DA:671,0
DA:674,0
DA:676,0
DA:681,0
DA:682,0
DA:683,0
DA:684,0
DA:685,0
DA:686,0
DA:687,0
DA:688,0
DA:689,0
DA:690,0
DA:691,0
DA:692,0
DA:693,0
DA:694,0
DA:696,0
DA:700,0
DA:702,0
DA:707,0
DA:708,0
DA:709,0
DA:710,0
DA:711,0
DA:712,0
DA:713,0
DA:714,0
DA:715,0
DA:716,0
DA:717,0
DA:718,0
DA:719,0
DA:720,0
DA:722,0
DA:726,0
DA:728,0
DA:733,0
DA:734,0
DA:737,0
DA:738,0
DA:739,0
DA:742,0
DA:744,0
DA:746,0
DA:748,0
DA:749,0
DA:752,0
DA:753,0
DA:754,0
DA:755,0
DA:756,0
DA:757,0
DA:758,0
DA:762,0
DA:763,0
DA:764,0
DA:765,0
DA:766,0
DA:767,0
DA:768,0
DA:772,0
DA:773,0
DA:774,0
DA:775,0
DA:776,0
DA:777,0
DA:778,0
DA:782,0
DA:783,0
DA:784,0
DA:785,0
DA:786,0
DA:787,0
DA:788,0
DA:789,0
DA:793,0
DA:794,0
DA:796,0
DA:797,0
DA:798,0
DA:799,0
DA:800,0
DA:801,0
DA:805,0
DA:806,0
DA:807,0
DA:809,0
DA:814,6
LF:449
LH:28
BRDA:319,0,0,0
BRDA:319,0,1,0
BRDA:336,1,0,0
BRDA:336,1,1,0
BRDA:353,2,0,0
BRDA:353,2,1,0
BRDA:372,3,0,0
BRDA:372,3,1,0
BRDA:390,4,0,0
BRDA:390,4,1,0
BRDA:412,5,0,0
BRDA:412,5,1,0
BRDA:415,6,0,0
BRDA:415,6,1,0
BRDA:420,7,0,0
BRDA:420,7,1,0
BRDA:423,8,0,0
BRDA:423,8,1,0
BRDA:428,9,0,0
BRDA:428,9,1,0
BRDA:431,10,0,0
BRDA:431,10,1,0
BRDA:436,11,0,0
BRDA:436,11,1,0
BRDA:440,12,0,0
BRDA:440,12,1,0
BRDA:445,13,0,0
BRDA:445,13,1,0
BRDA:449,14,0,0
BRDA:449,14,1,0
BRDA:479,15,0,0
BRDA:479,15,1,0
BRDA:482,16,0,0
BRDA:482,16,1,0
BRDA:487,17,0,0
BRDA:487,17,1,0
BRDA:490,18,0,0
BRDA:490,18,1,0
BRDA:495,19,0,0
BRDA:495,19,1,0
BRDA:498,20,0,0
BRDA:498,20,1,0
BRDA:503,21,0,0
BRDA:503,21,1,0
BRDA:507,22,0,0
BRDA:507,22,1,0
BRDA:512,23,0,0
BRDA:512,23,1,0
BRDA:516,24,0,0
BRDA:516,24,1,0
BRDA:617,25,0,0
BRDA:617,25,1,0
BRDA:619,26,0,0
BRDA:619,26,1,0
BRDA:641,27,0,0
BRDA:641,27,1,0
BRDA:644,28,0,0
BRDA:644,28,1,0
BRDA:665,29,0,0
BRDA:665,29,1,0
BRDA:668,30,0,0
BRDA:668,30,1,0
BRDA:690,31,0,0
BRDA:690,31,1,0
BRDA:690,32,0,0
BRDA:690,32,1,0
BRDA:693,33,0,0
BRDA:693,33,1,0
BRDA:716,34,0,0
BRDA:716,34,1,0
BRDA:719,35,0,0
BRDA:719,35,1,0
BRDA:719,36,0,0
BRDA:719,36,1,0
BRDA:752,37,0,0
BRDA:752,37,1,0
BRDA:755,38,0,0
BRDA:755,38,1,0
BRDA:757,39,0,0
BRDA:757,39,1,0
BRDA:762,40,0,0
BRDA:762,40,1,0
BRDA:765,41,0,0
BRDA:765,41,1,0
BRDA:767,42,0,0
BRDA:767,42,1,0
BRDA:772,43,0,0
BRDA:772,43,1,0
BRDA:775,44,0,0
BRDA:775,44,1,0
BRDA:777,45,0,0
BRDA:777,45,1,0
BRDA:782,46,0,0
BRDA:782,46,1,0
BRDA:786,47,0,0
BRDA:786,47,1,0
BRDA:786,48,0,0
BRDA:786,48,1,0
BRDA:788,49,0,0
BRDA:788,49,1,0
BRDA:793,50,0,0
BRDA:793,50,1,0
BRDA:798,51,0,0
BRDA:798,51,1,0
BRDA:800,52,0,0
BRDA:800,52,1,0
BRDA:800,53,0,0
BRDA:800,53,1,0
BRF:108
BRH:0
end_of_record
TN:
SF:models/track.js
FN:6,(anonymous_0)
FN:24,(anonymous_1)
FN:25,(anonymous_2)
FN:28,(anonymous_3)
FN:35,(anonymous_4)
FN:36,(anonymous_5)
FN:46,(anonymous_6)
FN:47,(anonymous_7)
FN:61,(anonymous_8)
FN:62,(anonymous_9)
FN:72,(anonymous_10)
FN:73,(anonymous_11)
FN:84,(anonymous_12)
FN:85,(anonymous_13)
FNF:14
FNH:6
FNDA:0,(anonymous_0)
FNDA:1,(anonymous_1)
FNDA:1,(anonymous_2)
FNDA:0,(anonymous_3)
FNDA:1,(anonymous_4)
FNDA:1,(anonymous_5)
FNDA:1,(anonymous_6)
FNDA:1,(anonymous_7)
FNDA:0,(anonymous_8)
FNDA:0,(anonymous_9)
FNDA:0,(anonymous_10)
FNDA:0,(anonymous_11)
FNDA:0,(anonymous_12)
FNDA:0,(anonymous_13)
DA:1,6
DA:2,6
DA:3,6
DA:7,0
DA:8,0
DA:9,0
DA:10,0
DA:11,0
DA:12,0
DA:13,0
DA:14,0
DA:15,0
DA:16,0
DA:17,0
DA:18,0
DA:19,0
DA:20,0
DA:21,0
DA:25,1
DA:26,1
DA:27,1
DA:28,1
DA:29,0
DA:31,1
DA:36,1
DA:37,1
DA:38,1
DA:39,1
DA:40,0
DA:42,1
DA:47,1
DA:48,1
DA:49,1
DA:50,1
DA:51,0
DA:53,1
DA:62,0
DA:63,0
DA:64,0
DA:65,0
DA:66,0
DA:68,0
DA:73,0
DA:74,0
DA:75,0
DA:76,0
DA:77,0
DA:79,0
DA:85,0
DA:86,0
DA:87,0
DA:88,0
DA:89,0
DA:91,0
DA:96,6
LF:55
LH:19
BRF:0
BRH:0
end_of_record
TN:
SF:models/user.js
FN:4,(anonymous_0)
FN:11,(anonymous_1)
FN:12,(anonymous_2)
FN:15,(anonymous_3)
FN:23,(anonymous_4)
FN:24,(anonymous_5)
FN:35,(anonymous_6)
FN:36,(anonymous_7)
FN:47,(anonymous_8)
FN:48,(anonymous_9)
FN:58,(anonymous_10)
FN:59,(anonymous_11)
FN:69,(anonymous_12)
FN:70,(anonymous_13)
FNF:14
FNH:8
FNDA:0,(anonymous_0)
FNDA:1,(anonymous_1)
FNDA:1,(anonymous_2)
FNDA:0,(anonymous_3)
FNDA:0,(anonymous_4)
FNDA:0,(anonymous_5)
FNDA:1,(anonymous_6)
FNDA:1,(anonymous_7)
FNDA:0,(anonymous_8)
FNDA:0,(anonymous_9)
FNDA:1,(anonymous_10)
FNDA:1,(anonymous_11)
FNDA:2,(anonymous_12)
FNDA:2,(anonymous_13)
DA:1,8
DA:5,0
DA:6,0
DA:7,0
DA:8,0
DA:12,1
DA:13,1
DA:14,1
DA:15,1
DA:16,0
DA:18,1
DA:24,0
DA:25,0
DA:26,0
DA:27,0
DA:28,0
DA:30,0
DA:36,1
DA:37,1
DA:38,1
DA:39,1
DA:40,1
DA:41,0
DA:43,1
DA:48,0
DA:49,0
DA:50,0
DA:51,0
DA:52,0
DA:54,0
DA:59,1
DA:60,1
DA:61,1
DA:62,1
DA:63,0
DA:65,1
DA:70,2
DA:71,2
DA:72,2
DA:73,2
DA:74,0
DA:76,2
DA:83,8
LF:43
LH:23
BRF:0
BRH:0
end_of_record
