{"/Users/amirali/Desktop/Futureproof/Lap2GroupProject/lap2project/client/js/utils.js": {"path":"/Users/amirali/Desktop/Futureproof/Lap2GroupProject/lap2project/client/js/utils.js","statementMap":{"0":{"start":{"line":1,"column":17},"end":{"line":1,"column":48}},"1":{"start":{"line":2,"column":20},"end":{"line":2,"column":54}},"2":{"start":{"line":3,"column":19},"end":{"line":3,"column":52}},"3":{"start":{"line":5,"column":17},"end":{"line":9,"column":1}},"4":{"start":{"line":11,"column":0},"end":{"line":18,"column":1}},"5":{"start":{"line":12,"column":18},"end":{"line":12,"column":55}},"6":{"start":{"line":13,"column":2},"end":{"line":17,"column":4}},"7":{"start":{"line":14,"column":4},"end":{"line":16,"column":6}},"8":{"start":{"line":15,"column":6},"end":{"line":15,"column":27}},"9":{"start":{"line":23,"column":21},"end":{"line":23,"column":53}},"10":{"start":{"line":29,"column":2},"end":{"line":47,"column":3}},"11":{"start":{"line":33,"column":6},"end":{"line":33,"column":39}},"12":{"start":{"line":34,"column":6},"end":{"line":34,"column":11}},"13":{"start":{"line":37,"column":6},"end":{"line":37,"column":39}},"14":{"start":{"line":38,"column":6},"end":{"line":38,"column":11}},"15":{"start":{"line":41,"column":6},"end":{"line":41,"column":39}},"16":{"start":{"line":42,"column":6},"end":{"line":42,"column":11}},"17":{"start":{"line":46,"column":6},"end":{"line":46,"column":11}},"18":{"start":{"line":53,"column":25},"end":{"line":53,"column":60}},"19":{"start":{"line":55,"column":2},"end":{"line":55,"column":29}},"20":{"start":{"line":57,"column":2},"end":{"line":69,"column":4}},"21":{"start":{"line":58,"column":4},"end":{"line":68,"column":5}},"22":{"start":{"line":61,"column":6},"end":{"line":61,"column":39}},"23":{"start":{"line":64,"column":6},"end":{"line":64,"column":36}},"24":{"start":{"line":74,"column":2},"end":{"line":74,"column":67}},"25":{"start":{"line":75,"column":2},"end":{"line":88,"column":3}},"26":{"start":{"line":77,"column":6},"end":{"line":77,"column":44}},"27":{"start":{"line":78,"column":6},"end":{"line":78,"column":11}},"28":{"start":{"line":80,"column":6},"end":{"line":80,"column":47}},"29":{"start":{"line":81,"column":6},"end":{"line":81,"column":11}},"30":{"start":{"line":83,"column":6},"end":{"line":83,"column":46}},"31":{"start":{"line":84,"column":6},"end":{"line":84,"column":27}},"32":{"start":{"line":85,"column":6},"end":{"line":85,"column":11}},"33":{"start":{"line":87,"column":6},"end":{"line":87,"column":57}}},"fnMap":{"0":{"name":"(anonymous_0)","decl":{"start":{"line":11,"column":16},"end":{"line":11,"column":17}},"loc":{"start":{"line":11,"column":22},"end":{"line":18,"column":1}},"line":11},"1":{"name":"(anonymous_1)","decl":{"start":{"line":13,"column":18},"end":{"line":13,"column":19}},"loc":{"start":{"line":13,"column":27},"end":{"line":17,"column":3}},"line":13},"2":{"name":"(anonymous_2)","decl":{"start":{"line":14,"column":34},"end":{"line":14,"column":35}},"loc":{"start":{"line":14,"column":41},"end":{"line":16,"column":5}},"line":14},"3":{"name":"renderSelectedPage","decl":{"start":{"line":22,"column":9},"end":{"line":22,"column":27}},"loc":{"start":{"line":22,"column":31},"end":{"line":48,"column":1}},"line":22},"4":{"name":"displayPage","decl":{"start":{"line":50,"column":9},"end":{"line":50,"column":20}},"loc":{"start":{"line":50,"column":36},"end":{"line":70,"column":1}},"line":50},"5":{"name":"(anonymous_5)","decl":{"start":{"line":57,"column":25},"end":{"line":57,"column":26}},"loc":{"start":{"line":57,"column":35},"end":{"line":69,"column":3}},"line":57},"6":{"name":"populatePage","decl":{"start":{"line":72,"column":9},"end":{"line":72,"column":21}},"loc":{"start":{"line":72,"column":37},"end":{"line":89,"column":1}},"line":72}},"branchMap":{"0":{"loc":{"start":{"line":29,"column":2},"end":{"line":47,"column":3}},"type":"switch","locations":[{"start":{"line":30,"column":4},"end":{"line":34,"column":11}},{"start":{"line":35,"column":4},"end":{"line":38,"column":11}},{"start":{"line":39,"column":4},"end":{"line":42,"column":11}},{"start":{"line":43,"column":4},"end":{"line":46,"column":11}}],"line":29},"1":{"loc":{"start":{"line":58,"column":4},"end":{"line":68,"column":5}},"type":"if","locations":[{"start":{"line":58,"column":4},"end":{"line":68,"column":5}},{"start":{"line":63,"column":11},"end":{"line":68,"column":5}}],"line":58},"2":{"loc":{"start":{"line":75,"column":2},"end":{"line":88,"column":3}},"type":"switch","locations":[{"start":{"line":76,"column":4},"end":{"line":78,"column":11}},{"start":{"line":79,"column":4},"end":{"line":81,"column":11}},{"start":{"line":82,"column":4},"end":{"line":85,"column":11}},{"start":{"line":86,"column":4},"end":{"line":87,"column":57}}],"line":75}},"s":{"0":1,"1":1,"2":1,"3":1,"4":1,"5":0,"6":0,"7":0,"8":0,"9":0,"10":0,"11":0,"12":0,"13":0,"14":0,"15":0,"16":0,"17":0,"18":0,"19":0,"20":0,"21":0,"22":0,"23":0,"24":0,"25":0,"26":0,"27":0,"28":0,"29":0,"30":0,"31":0,"32":0,"33":0},"f":{"0":0,"1":0,"2":0,"3":0,"4":0,"5":0,"6":0},"b":{"0":[0,0,0,0],"1":[0,0],"2":[0,0,0,0]},"_coverageSchema":"1a1c01bbd47fc00a2c39e90264f33305004495a9","hash":"8b97f57f4e4138c2dd12db2108880606d44a337a"}
}
