{"/Users/amirali/Desktop/Futureproof/Lap2GroupProject/lap2project/client/js/app.js": {"path":"/Users/amirali/Desktop/Futureproof/Lap2GroupProject/lap2project/client/js/app.js","statementMap":{"0":{"start":{"line":1,"column":19},"end":{"line":1,"column":62}},"1":{"start":{"line":2,"column":19},"end":{"line":2,"column":62}},"2":{"start":{"line":3,"column":22},"end":{"line":3,"column":68}},"3":{"start":{"line":4,"column":22},"end":{"line":4,"column":68}},"4":{"start":{"line":6,"column":18},"end":{"line":6,"column":67}},"5":{"start":{"line":7,"column":18},"end":{"line":7,"column":67}},"6":{"start":{"line":8,"column":25},"end":{"line":8,"column":75}},"7":{"start":{"line":9,"column":25},"end":{"line":9,"column":75}},"8":{"start":{"line":10,"column":28},"end":{"line":12,"column":1}},"9":{"start":{"line":13,"column":28},"end":{"line":15,"column":1}},"10":{"start":{"line":17,"column":15},"end":{"line":17,"column":54}},"11":{"start":{"line":18,"column":15},"end":{"line":18,"column":54}},"12":{"start":{"line":20,"column":14},"end":{"line":20,"column":46}},"13":{"start":{"line":21,"column":19},"end":{"line":21,"column":57}},"14":{"start":{"line":22,"column":20},"end":{"line":22,"column":59}},"15":{"start":{"line":24,"column":16},"end":{"line":24,"column":47}},"16":{"start":{"line":25,"column":16},"end":{"line":25,"column":50}},"17":{"start":{"line":27,"column":0},"end":{"line":27,"column":51}},"18":{"start":{"line":28,"column":0},"end":{"line":28,"column":57}},"19":{"start":{"line":29,"column":0},"end":{"line":29,"column":49}},"20":{"start":{"line":30,"column":0},"end":{"line":30,"column":63}},"21":{"start":{"line":31,"column":0},"end":{"line":31,"column":69}},"22":{"start":{"line":34,"column":2},"end":{"line":41,"column":4}},"23":{"start":{"line":36,"column":4},"end":{"line":40,"column":5}},"24":{"start":{"line":37,"column":6},"end":{"line":37,"column":35}},"25":{"start":{"line":39,"column":6},"end":{"line":39,"column":38}},"26":{"start":{"line":44,"column":0},"end":{"line":47,"column":2}},"27":{"start":{"line":45,"column":2},"end":{"line":45,"column":44}},"28":{"start":{"line":46,"column":2},"end":{"line":46,"column":42}},"29":{"start":{"line":49,"column":0},"end":{"line":52,"column":2}},"30":{"start":{"line":50,"column":2},"end":{"line":50,"column":47}},"31":{"start":{"line":51,"column":2},"end":{"line":51,"column":45}},"32":{"start":{"line":54,"column":0},"end":{"line":58,"column":2}},"33":{"start":{"line":55,"column":2},"end":{"line":57,"column":3}},"34":{"start":{"line":56,"column":4},"end":{"line":56,"column":38}},"35":{"start":{"line":60,"column":0},"end":{"line":64,"column":2}},"36":{"start":{"line":61,"column":2},"end":{"line":63,"column":3}},"37":{"start":{"line":62,"column":4},"end":{"line":62,"column":35}},"38":{"start":{"line":68,"column":17},"end":{"line":68,"column":52}},"39":{"start":{"line":69,"column":13},"end":{"line":69,"column":51}},"40":{"start":{"line":70,"column":13},"end":{"line":70,"column":51}},"41":{"start":{"line":71,"column":13},"end":{"line":71,"column":51}},"42":{"start":{"line":72,"column":13},"end":{"line":72,"column":51}},"43":{"start":{"line":90,"column":2},"end":{"line":91,"column":942}}},"fnMap":{"0":{"name":"toggleLabelShift","decl":{"start":{"line":33,"column":9},"end":{"line":33,"column":25}},"loc":{"start":{"line":33,"column":50},"end":{"line":42,"column":1}},"line":33},"1":{"name":"(anonymous_1)","decl":{"start":{"line":34,"column":34},"end":{"line":34,"column":35}},"loc":{"start":{"line":34,"column":40},"end":{"line":41,"column":3}},"line":34},"2":{"name":"(anonymous_2)","decl":{"start":{"line":44,"column":33},"end":{"line":44,"column":34}},"loc":{"start":{"line":44,"column":39},"end":{"line":47,"column":1}},"line":44},"3":{"name":"(anonymous_3)","decl":{"start":{"line":49,"column":33},"end":{"line":49,"column":34}},"loc":{"start":{"line":49,"column":39},"end":{"line":52,"column":1}},"line":49},"4":{"name":"(anonymous_4)","decl":{"start":{"line":54,"column":34},"end":{"line":54,"column":35}},"loc":{"start":{"line":54,"column":40},"end":{"line":58,"column":1}},"line":54},"5":{"name":"(anonymous_5)","decl":{"start":{"line":60,"column":33},"end":{"line":60,"column":34}},"loc":{"start":{"line":60,"column":40},"end":{"line":64,"column":1}},"line":60},"6":{"name":"displayInitialHomepage","decl":{"start":{"line":89,"column":9},"end":{"line":89,"column":31}},"loc":{"start":{"line":89,"column":34},"end":{"line":92,"column":1}},"line":89}},"branchMap":{"0":{"loc":{"start":{"line":36,"column":4},"end":{"line":40,"column":5}},"type":"if","locations":[{"start":{"line":36,"column":4},"end":{"line":40,"column":5}},{"start":{"line":38,"column":11},"end":{"line":40,"column":5}}],"line":36},"1":{"loc":{"start":{"line":55,"column":2},"end":{"line":57,"column":3}},"type":"if","locations":[{"start":{"line":55,"column":2},"end":{"line":57,"column":3}},{"start":{},"end":{}}],"line":55},"2":{"loc":{"start":{"line":61,"column":2},"end":{"line":63,"column":3}},"type":"if","locations":[{"start":{"line":61,"column":2},"end":{"line":63,"column":3}},{"start":{},"end":{}}],"line":61}},"s":{"0":1,"1":1,"2":1,"3":1,"4":1,"5":1,"6":1,"7":1,"8":1,"9":1,"10":1,"11":1,"12":1,"13":1,"14":1,"15":1,"16":1,"17":1,"18":0,"19":0,"20":0,"21":0,"22":1,"23":0,"24":0,"25":0,"26":0,"27":0,"28":0,"29":0,"30":0,"31":0,"32":0,"33":0,"34":0,"35":0,"36":0,"37":0,"38":0,"39":0,"40":0,"41":0,"42":0,"43":0},"f":{"0":1,"1":0,"2":0,"3":0,"4":0,"5":0,"6":0},"b":{"0":[0,0],"1":[0,0],"2":[0,0]},"_coverageSchema":"1a1c01bbd47fc00a2c39e90264f33305004495a9","hash":"2ddcac481c1463905e05bdd28c8cc795469a41d5"}
}
